[ 2017-07-23T13:21:32+08:00 ] ::1 /index.php/Home/Login/login
INFO: [ app_init ] --START--
INFO: Run Behavior\BuildLiteBehavior [ RunTime:0.000015s ]
INFO: [ app_init ] --END-- [ RunTime:0.000488s ]
INFO: [ app_begin ] --START--
INFO: Run Behavior\ReadHtmlCacheBehavior [ RunTime:0.000564s ]
INFO: [ app_begin ] --END-- [ RunTime:0.000629s ]
NOTIC: [8] A session had already been started - ignoring session_start() D:\WWW\dev\register\Application\Home\Controller\LoginController.class.php 第 8 行.
INFO: [ view_parse ] --START--
INFO: [ template_filter ] --START--
INFO: Run Behavior\ContentReplaceBehavior [ RunTime:0.000092s ]
INFO: [ template_filter ] --END-- [ RunTime:0.000154s ]
INFO: Run Behavior\ParseTemplateBehavior [ RunTime:0.046053s ]
INFO: [ view_parse ] --END-- [ RunTime:0.046117s ]
INFO: [ view_filter ] --START--
INFO: Run Behavior\WriteHtmlCacheBehavior [ RunTime:0.000310s ]
INFO: [ view_filter ] --END-- [ RunTime:0.000350s ]
INFO: [ app_end ] --START--
INFO: Run Behavior\ShowPageTraceBehavior [ RunTime:0.000645s ]
INFO: [ app_end ] --END-- [ RunTime:0.000690s ]

[ 2017-07-23T13:21:38+08:00 ] ::1 /index.php/Home/Login/reg/fuid/1
INFO: [ app_init ] --START--
INFO: Run Behavior\BuildLiteBehavior [ RunTime:0.000014s ]
INFO: [ app_init ] --END-- [ RunTime:0.000338s ]
INFO: [ app_begin ] --START--
INFO: Run Behavior\ReadHtmlCacheBehavior [ RunTime:0.000396s ]
INFO: [ app_begin ] --END-- [ RunTime:0.000447s ]
NOTIC: [8] A session had already been started - ignoring session_start() D:\WWW\dev\register\Application\Home\Controller\LoginController.class.php 第 31 行.
NOTIC: [8] Undefined index: name D:\WWW\dev\register\Application\Home\Controller\LoginController.class.php 第 34 行.
INFO: [ view_parse ] --START--
INFO: [ template_filter ] --START--
INFO: Run Behavior\ContentReplaceBehavior [ RunTime:0.000081s ]
INFO: [ template_filter ] --END-- [ RunTime:0.000131s ]
INFO: Run Behavior\ParseTemplateBehavior [ RunTime:0.005572s ]
INFO: [ view_parse ] --END-- [ RunTime:0.005626s ]
INFO: [ view_filter ] --START--
INFO: Run Behavior\WriteHtmlCacheBehavior [ RunTime:0.000194s ]
INFO: [ view_filter ] --END-- [ RunTime:0.000233s ]
INFO: [ app_end ] --START--
INFO: Run Behavior\ShowPageTraceBehavior [ RunTime:0.000443s ]
INFO: [ app_end ] --END-- [ RunTime:0.000485s ]

[ 2017-07-23T13:26:08+08:00 ] ::1 /index.php/Home/Login/reg/fuid/1
INFO: [ app_init ] --START--
INFO: Run Behavior\BuildLiteBehavior [ RunTime:0.000016s ]
INFO: [ app_init ] --END-- [ RunTime:0.000561s ]
INFO: [ app_begin ] --START--
INFO: Run Behavior\ReadHtmlCacheBehavior [ RunTime:0.000623s ]
INFO: [ app_begin ] --END-- [ RunTime:0.000699s ]
NOTIC: [8] A session had already been started - ignoring session_start() D:\WWW\dev\register\Application\Home\Controller\LoginController.class.php 第 31 行.
SQL: SHOW COLUMNS FROM `p_menber` [ RunTime:0.0032s ]
SQL: SELECT * FROM `p_menber` WHERE `phone` = '18883286261'  [ RunTime:0.0004s ]
SQL: SELECT * FROM `p_menber` WHERE `uid` = 1  [ RunTime:0.0003s ]
NOTIC: [8] Undefined offset: 0 D:\WWW\dev\register\Application\Home\Controller\LoginController.class.php 第 62 行.
SQL: INSERT INTO `p_menber` (`fids`,`fid`,`phone`,`name`,`pwd`,`type`,`addtime`,`addymd`,`incomebag`,`baoshibag`,`userface`) VALUES ('4,2,1,','1','18883286261','燕飞','123','1','2017-07-23 13:26:08','2017-07-23','0','0','/Public/Home/img/game/free1.png') [ RunTime:0.0005s ]

[ 2017-07-23T13:26:11+08:00 ] ::1 /index.php/Home/Index/index
INFO: [ app_init ] --START--
INFO: Run Behavior\BuildLiteBehavior [ RunTime:0.000024s ]
INFO: [ app_init ] --END-- [ RunTime:0.000547s ]
INFO: [ app_begin ] --START--
INFO: Run Behavior\ReadHtmlCacheBehavior [ RunTime:0.000766s ]
INFO: [ app_begin ] --END-- [ RunTime:0.000886s ]
SQL: SHOW COLUMNS FROM `p_menber` [ RunTime:0.0032s ]
SQL: SELECT * FROM `p_menber` WHERE `uid` = 9  [ RunTime:0.0006s ]
SQL: SHOW COLUMNS FROM `p_menber` [ RunTime:0.0042s ]
SQL: SELECT * FROM `p_menber` ORDER BY fighting DESC LIMIT 10   [ RunTime:0.0008s ]
SQL: SELECT * FROM `p_menber` WHERE `uid` = 9  [ RunTime:0.0005s ]
NOTIC: [8] Undefined index: type D:\WWW\dev\register\Application\Home\Controller\IndexController.class.php 第 11 行.
SQL: SELECT * FROM `p_menber` WHERE `fid` = 9  [ RunTime:0.0004s ]
SQL: SELECT * FROM `p_menber` WHERE `uid` IN ('9','4','2','1')  [ RunTime:0.0006s ]
SQL: SHOW COLUMNS FROM `p_article` [ RunTime:0.0033s ]
SQL: SELECT * FROM `p_article` ORDER BY aid DESC LIMIT 1   [ RunTime:0.0005s ]
SQL: SHOW COLUMNS FROM `p_product` [ RunTime:0.0035s ]
SQL: SELECT * FROM `p_product` WHERE `type` = 2 ORDER BY id asc  [ RunTime:0.0004s ]
SQL: SELECT * FROM `p_product` WHERE `type` = 1 ORDER BY id asc  [ RunTime:0.0003s ]
SQL: SHOW COLUMNS FROM `p_orderlog` [ RunTime:0.0030s ]
SQL: SELECT * FROM `p_orderlog` WHERE `userid` = 9 AND `states` = 1  [ RunTime:0.0003s ]
INFO: [ view_parse ] --START--
INFO: [ template_filter ] --START--
INFO: Run Behavior\ContentReplaceBehavior [ RunTime:0.000399s ]
INFO: [ template_filter ] --END-- [ RunTime:0.000455s ]
INFO: Run Behavior\ParseTemplateBehavior [ RunTime:0.018482s ]
INFO: [ view_parse ] --END-- [ RunTime:0.018591s ]
INFO: [ view_filter ] --START--
INFO: Run Behavior\WriteHtmlCacheBehavior [ RunTime:0.000348s ]
INFO: [ view_filter ] --END-- [ RunTime:0.000398s ]
INFO: [ app_end ] --START--
INFO: Run Behavior\ShowPageTraceBehavior [ RunTime:0.001031s ]
INFO: [ app_end ] --END-- [ RunTime:0.001138s ]

[ 2017-07-23T13:27:38+08:00 ] ::1 /index.php/Home/Index/isconpetion
INFO: [ app_init ] --START--
INFO: Run Behavior\BuildLiteBehavior [ RunTime:0.000016s ]
INFO: [ app_init ] --END-- [ RunTime:0.000404s ]
INFO: [ app_begin ] --START--
INFO: Run Behavior\ReadHtmlCacheBehavior [ RunTime:0.000492s ]
INFO: [ app_begin ] --END-- [ RunTime:0.000552s ]
SQL: SHOW COLUMNS FROM `p_menber` [ RunTime:0.0035s ]
SQL: SELECT * FROM `p_menber` WHERE `uid` = 9  [ RunTime:0.0004s ]
SQL: SHOW COLUMNS FROM `p_menber` [ RunTime:0.0033s ]
SQL: SELECT * FROM `p_menber` WHERE `uid` = 9  [ RunTime:0.0003s ]
INFO: [ app_end ] --START--
INFO: Run Behavior\ShowPageTraceBehavior [ RunTime:0.000656s ]
INFO: [ app_end ] --END-- [ RunTime:0.000700s ]

[ 2017-07-23T13:27:38+08:00 ] ::1 /index.php/Home/Index/free.html
INFO: [ app_init ] --START--
INFO: Run Behavior\BuildLiteBehavior [ RunTime:0.000020s ]
INFO: [ app_init ] --END-- [ RunTime:0.000518s ]
INFO: [ app_begin ] --START--
INFO: Run Behavior\ReadHtmlCacheBehavior [ RunTime:0.000651s ]
INFO: [ app_begin ] --END-- [ RunTime:0.000764s ]
SQL: SHOW COLUMNS FROM `p_menber` [ RunTime:0.0044s ]
SQL: SELECT * FROM `p_menber` WHERE `uid` = 9  [ RunTime:0.0004s ]
SQL: SHOW COLUMNS FROM `p_match` [ RunTime:0.0032s ]
SQL: SHOW COLUMNS FROM `p_menber` [ RunTime:0.0027s ]
SQL: SELECT * FROM `p_menber` WHERE `uid` = 9  [ RunTime:0.0003s ]
SQL: SELECT * FROM `p_match` WHERE `state` = 1 AND `type` = 1 AND `uid` = 9  [ RunTime:0.0003s ]
NOTIC: [8] Undefined index: LOCAL_ADDR D:\WWW\dev\register\Application\Home\Controller\IndexController.class.php 第 280 行.
NOTIC: [8] Undefined index: LOCAL_PORT D:\WWW\dev\register\Application\Home\Controller\IndexController.class.php 第 281 行.
SQL: INSERT INTO `p_match` (`uid`,`fishname`,`username`,`userface`,`type`,`state`,`commit_id`,`addtime`) VALUES ('9','免费鱼','燕飞','/Public/Home/img/game/free1.png','1','1','EC20E1C7-AAF8-A285-FE82-7A3DF3C4E199','2017-07-23 13:27:38') [ RunTime:0.0004s ]
SQL: UPDATE `p_menber` SET `iscompetion`='1' WHERE `uid` = 9 [ RunTime:0.0002s ]
SQL: SELECT * FROM `p_match` WHERE `state` = 1 AND `type` = 1  [ RunTime:0.0002s ]
INFO: [ view_parse ] --START--
INFO: [ template_filter ] --START--
INFO: Run Behavior\ContentReplaceBehavior [ RunTime:0.000165s ]
INFO: [ template_filter ] --END-- [ RunTime:0.000238s ]
INFO: Run Behavior\ParseTemplateBehavior [ RunTime:0.009231s ]
INFO: [ view_parse ] --END-- [ RunTime:0.009287s ]
INFO: [ view_filter ] --START--
INFO: Run Behavior\WriteHtmlCacheBehavior [ RunTime:0.000199s ]
INFO: [ view_filter ] --END-- [ RunTime:0.000237s ]
INFO: [ app_end ] --START--
INFO: Run Behavior\ShowPageTraceBehavior [ RunTime:0.000572s ]
INFO: [ app_end ] --END-- [ RunTime:0.000618s ]

[ 2017-07-23T13:27:40+08:00 ] ::1 /index.php/Home/Index/css/REC20170711100043.mp3
INFO: [ app_init ] --START--
INFO: Run Behavior\BuildLiteBehavior [ RunTime:0.000022s ]
INFO: [ app_init ] --END-- [ RunTime:0.000580s ]
INFO: [ app_begin ] --START--
INFO: Run Behavior\ReadHtmlCacheBehavior [ RunTime:0.000697s ]
INFO: [ app_begin ] --END-- [ RunTime:0.000792s ]
SQL: SHOW COLUMNS FROM `p_menber` [ RunTime:0.0037s ]
SQL: SELECT * FROM `p_menber` WHERE `uid` = 9  [ RunTime:0.0005s ]
ERR: 非法操作:css

[ 2017-07-23T13:41:32+08:00 ] ::1 /index.php/Home/Index/dealfish
INFO: [ app_init ] --START--
INFO: Run Behavior\BuildLiteBehavior [ RunTime:0.000021s ]
INFO: [ app_init ] --END-- [ RunTime:0.000542s ]
INFO: [ app_begin ] --START--
INFO: Run Behavior\ReadHtmlCacheBehavior [ RunTime:0.000681s ]
INFO: [ app_begin ] --END-- [ RunTime:0.000774s ]
SQL: SHOW COLUMNS FROM `p_menber` [ RunTime:0.0046s ]
SQL: SELECT * FROM `p_menber` WHERE `uid` = 9  [ RunTime:0.0007s ]
SQL: SHOW COLUMNS FROM `p_orderlog` [ RunTime:0.0045s ]
SQL: SELECT * FROM `p_menber` WHERE `uid` = 9  [ RunTime:0.0005s ]
SQL: SHOW COLUMNS FROM `p_menber` [ RunTime:0.0042s ]
SQL: SELECT * FROM `p_menber` WHERE `uid` = 9  [ RunTime:0.0007s ]
SQL: SHOW COLUMNS FROM `p_product` [ RunTime:0.0037s ]
SQL: SELECT * FROM `p_product` WHERE `id` = 96  [ RunTime:0.0004s ]

[ 2017-07-23T13:42:53+08:00 ] ::1 /index.php/Home/Index/index
INFO: [ app_init ] --START--
INFO: Run Behavior\BuildLiteBehavior [ RunTime:0.000021s ]
INFO: [ app_init ] --END-- [ RunTime:0.000507s ]
INFO: [ app_begin ] --START--
INFO: Run Behavior\ReadHtmlCacheBehavior [ RunTime:0.000593s ]
INFO: [ app_begin ] --END-- [ RunTime:0.000671s ]
SQL: SHOW COLUMNS FROM `p_menber` [ RunTime:0.0034s ]
SQL: SELECT * FROM `p_menber` WHERE `uid` = 9  [ RunTime:0.0004s ]
SQL: SHOW COLUMNS FROM `p_menber` [ RunTime:0.0028s ]
SQL: SELECT * FROM `p_menber` ORDER BY fighting DESC LIMIT 10   [ RunTime:0.0005s ]
SQL: SELECT * FROM `p_menber` WHERE `uid` = 9  [ RunTime:0.0003s ]
NOTIC: [8] Undefined index: type D:\WWW\dev\register\Application\Home\Controller\IndexController.class.php 第 11 行.
SQL: SELECT * FROM `p_menber` WHERE `fid` = 9  [ RunTime:0.0003s ]
SQL: SELECT * FROM `p_menber` WHERE `uid` IN ('9','4','2','1')  [ RunTime:0.0005s ]
SQL: SHOW COLUMNS FROM `p_article` [ RunTime:0.0038s ]
SQL: SELECT * FROM `p_article` ORDER BY aid DESC LIMIT 1   [ RunTime:0.0005s ]
SQL: SHOW COLUMNS FROM `p_product` [ RunTime:0.0040s ]
SQL: SELECT * FROM `p_product` WHERE `type` = 2 ORDER BY id asc  [ RunTime:0.0008s ]
SQL: SELECT * FROM `p_product` WHERE `type` = 1 ORDER BY id asc  [ RunTime:0.0006s ]
SQL: SHOW COLUMNS FROM `p_orderlog` [ RunTime:0.0039s ]
SQL: SELECT * FROM `p_orderlog` WHERE `userid` = 9 AND `states` = 1  [ RunTime:0.0006s ]
INFO: [ view_parse ] --START--
INFO: [ template_filter ] --START--
INFO: Run Behavior\ContentReplaceBehavior [ RunTime:0.000425s ]
INFO: [ template_filter ] --END-- [ RunTime:0.000486s ]
INFO: Run Behavior\ParseTemplateBehavior [ RunTime:0.020629s ]
INFO: [ view_parse ] --END-- [ RunTime:0.020741s ]
INFO: [ view_filter ] --START--
INFO: Run Behavior\WriteHtmlCacheBehavior [ RunTime:0.000313s ]
INFO: [ view_filter ] --END-- [ RunTime:0.000390s ]
INFO: [ app_end ] --START--
INFO: Run Behavior\ShowPageTraceBehavior [ RunTime:0.000686s ]
INFO: [ app_end ] --END-- [ RunTime:0.000758s ]

[ 2017-07-23T13:43:11+08:00 ] ::1 /index.php/Home/Index/dealfish
INFO: [ app_init ] --START--
INFO: Run Behavior\BuildLiteBehavior [ RunTime:0.000023s ]
INFO: [ app_init ] --END-- [ RunTime:0.000810s ]
INFO: [ app_begin ] --START--
INFO: Run Behavior\ReadHtmlCacheBehavior [ RunTime:0.000882s ]
INFO: [ app_begin ] --END-- [ RunTime:0.000992s ]
SQL: SHOW COLUMNS FROM `p_menber` [ RunTime:0.0041s ]
SQL: SELECT * FROM `p_menber` WHERE `uid` = 9  [ RunTime:0.0006s ]
SQL: SHOW COLUMNS FROM `p_orderlog` [ RunTime:0.0030s ]
SQL: SELECT * FROM `p_menber` WHERE `uid` = 9  [ RunTime:0.0003s ]
SQL: SHOW COLUMNS FROM `p_menber` [ RunTime:0.0038s ]
SQL: SELECT * FROM `p_menber` WHERE `uid` = 9  [ RunTime:0.0004s ]
SQL: SHOW COLUMNS FROM `p_product` [ RunTime:0.0025s ]
SQL: SELECT * FROM `p_product` WHERE `id` = 99  [ RunTime:0.0002s ]
SQL: INSERT INTO `p_orderlog` (`userid`,`productid`,`productname`,`productmoney`,`type`,`states`,`orderid`,`addtime`,`num`,`prices`,`pic`) VALUES ('9','99','收费鱼3','200','2','1','收费鱼3','2017-07-23 13:43:11','1','200','/Public/Home/img/game/money7.png') [ RunTime:0.0003s ]
SQL: UPDATE `p_menber` SET `nowfish`='117',`baoshibag`='800',`userface`='/Public/Uploads/2017-07-14/5968d17d476d0.png' WHERE `uid` = 9 [ RunTime:0.0002s ]
SQL: SHOW COLUMNS FROM `p_incomelog` [ RunTime:0.0031s ]
SQL: INSERT INTO `p_incomelog` (`type`,`state`,`reson`,`addymd`,`addtime`,`orderid`,`userid`,`income`) VALUES ('3','2','购买鱼','2017-07-23 13:43:11','2017-07-23','117','9','200') [ RunTime:0.0003s ]
INFO: [ app_end ] --START--
INFO: Run Behavior\ShowPageTraceBehavior [ RunTime:0.000660s ]
INFO: [ app_end ] --END-- [ RunTime:0.000705s ]

[ 2017-07-23T13:43:19+08:00 ] ::1 /index.php/Home/Index/isconpetion
INFO: [ app_init ] --START--
INFO: Run Behavior\BuildLiteBehavior [ RunTime:0.000015s ]
INFO: [ app_init ] --END-- [ RunTime:0.000342s ]
INFO: [ app_begin ] --START--
INFO: Run Behavior\ReadHtmlCacheBehavior [ RunTime:0.000426s ]
INFO: [ app_begin ] --END-- [ RunTime:0.000479s ]
SQL: SHOW COLUMNS FROM `p_menber` [ RunTime:0.0042s ]
SQL: SELECT * FROM `p_menber` WHERE `uid` = 9  [ RunTime:0.0004s ]
SQL: SHOW COLUMNS FROM `p_menber` [ RunTime:0.0040s ]
SQL: SELECT * FROM `p_menber` WHERE `uid` = 9  [ RunTime:0.0004s ]

[ 2017-07-23T13:43:23+08:00 ] ::1 /index.php/Home/Index/isconpetion
INFO: [ app_init ] --START--
INFO: Run Behavior\BuildLiteBehavior [ RunTime:0.000014s ]
INFO: [ app_init ] --END-- [ RunTime:0.000345s ]
INFO: [ app_begin ] --START--
INFO: Run Behavior\ReadHtmlCacheBehavior [ RunTime:0.000436s ]
INFO: [ app_begin ] --END-- [ RunTime:0.000491s ]
SQL: SHOW COLUMNS FROM `p_menber` [ RunTime:0.0030s ]
SQL: SELECT * FROM `p_menber` WHERE `uid` = 9  [ RunTime:0.0004s ]
SQL: SHOW COLUMNS FROM `p_menber` [ RunTime:0.0035s ]
SQL: SELECT * FROM `p_menber` WHERE `uid` = 9  [ RunTime:0.0005s ]
INFO: [ app_end ] --START--
INFO: Run Behavior\ShowPageTraceBehavior [ RunTime:0.000961s ]
INFO: [ app_end ] --END-- [ RunTime:0.001046s ]

[ 2017-07-23T13:43:23+08:00 ] ::1 /index.php/Home/Index/free.html
INFO: [ app_init ] --START--
INFO: Run Behavior\BuildLiteBehavior [ RunTime:0.000031s ]
INFO: [ app_init ] --END-- [ RunTime:0.000643s ]
INFO: [ app_begin ] --START--
INFO: Run Behavior\ReadHtmlCacheBehavior [ RunTime:0.000626s ]
INFO: [ app_begin ] --END-- [ RunTime:0.000710s ]
SQL: SHOW COLUMNS FROM `p_menber` [ RunTime:0.0040s ]
SQL: SELECT * FROM `p_menber` WHERE `uid` = 9  [ RunTime:0.0005s ]
SQL: SHOW COLUMNS FROM `p_match` [ RunTime:0.0034s ]
SQL: SHOW COLUMNS FROM `p_menber` [ RunTime:0.0053s ]
SQL: SELECT * FROM `p_menber` WHERE `uid` = 9  [ RunTime:0.0004s ]
SQL: SELECT * FROM `p_match` WHERE `state` = 1 AND `type` = 1 AND `uid` = 9  [ RunTime:0.0004s ]
SQL: UPDATE `p_menber` SET `iscompetion`='1' WHERE `uid` = 9 [ RunTime:0.0003s ]
SQL: SELECT * FROM `p_match` WHERE `state` = 1 AND `type` = 1  [ RunTime:0.0004s ]
INFO: [ view_parse ] --START--
INFO: [ template_filter ] --START--
INFO: Run Behavior\ContentReplaceBehavior [ RunTime:0.000230s ]
INFO: [ template_filter ] --END-- [ RunTime:0.000329s ]
INFO: Run Behavior\ParseTemplateBehavior [ RunTime:0.011447s ]
INFO: [ view_parse ] --END-- [ RunTime:0.011535s ]
INFO: [ view_filter ] --START--
INFO: Run Behavior\WriteHtmlCacheBehavior [ RunTime:0.000492s ]
INFO: [ view_filter ] --END-- [ RunTime:0.000554s ]
INFO: [ app_end ] --START--
INFO: Run Behavior\ShowPageTraceBehavior [ RunTime:0.000787s ]
INFO: [ app_end ] --END-- [ RunTime:0.000860s ]

[ 2017-07-23T13:43:25+08:00 ] ::1 /index.php/Home/Index/css/REC20170711100043.mp3
INFO: [ app_init ] --START--
INFO: Run Behavior\BuildLiteBehavior [ RunTime:0.000046s ]
INFO: [ app_init ] --END-- [ RunTime:0.000678s ]
INFO: [ app_begin ] --START--
INFO: Run Behavior\ReadHtmlCacheBehavior [ RunTime:0.000745s ]
INFO: [ app_begin ] --END-- [ RunTime:0.000845s ]
SQL: SHOW COLUMNS FROM `p_menber` [ RunTime:0.0038s ]
SQL: SELECT * FROM `p_menber` WHERE `uid` = 9  [ RunTime:0.0005s ]
ERR: 非法操作:css

[ 2017-07-23T13:43:41+08:00 ] ::1 /index.php/Home/Index/isconpetion
INFO: [ app_init ] --START--
INFO: Run Behavior\BuildLiteBehavior [ RunTime:0.000019s ]
INFO: [ app_init ] --END-- [ RunTime:0.000489s ]
INFO: [ app_begin ] --START--
INFO: Run Behavior\ReadHtmlCacheBehavior [ RunTime:0.000832s ]
INFO: [ app_begin ] --END-- [ RunTime:0.000927s ]
SQL: SHOW COLUMNS FROM `p_menber` [ RunTime:0.0041s ]
SQL: SELECT * FROM `p_menber` WHERE `uid` = 9  [ RunTime:0.0004s ]
SQL: SHOW COLUMNS FROM `p_menber` [ RunTime:0.0036s ]
SQL: SELECT * FROM `p_menber` WHERE `uid` = 9  [ RunTime:0.0006s ]
SQL: SHOW COLUMNS FROM `p_config` [ RunTime:0.0037s ]
SQL: SELECT * FROM `p_config` WHERE `cid` = 3  [ RunTime:0.0003s ]
SQL: UPDATE `p_menber` SET `incomebag`='985' WHERE `uid` = 9 [ RunTime:0.0003s ]
SQL: SHOW COLUMNS FROM `p_incomelog` [ RunTime:0.0036s ]
SQL: INSERT INTO `p_incomelog` (`type`,`state`,`reson`,`addymd`,`addtime`,`orderid`,`userid`,`income`) VALUES ('3','2','生存场解锁','2017-07-23','2017-07-23 13:43:41','0','9','15') [ RunTime:0.0003s ]
INFO: [ app_end ] --START--
INFO: Run Behavior\ShowPageTraceBehavior [ RunTime:0.000575s ]
INFO: [ app_end ] --END-- [ RunTime:0.000619s ]

[ 2017-07-23T13:43:41+08:00 ] ::1 /index.php/Home/Index/live.html
INFO: [ app_init ] --START--
INFO: Run Behavior\BuildLiteBehavior [ RunTime:0.000021s ]
INFO: [ app_init ] --END-- [ RunTime:0.000531s ]
INFO: [ app_begin ] --START--
INFO: Run Behavior\ReadHtmlCacheBehavior [ RunTime:0.000880s ]
INFO: [ app_begin ] --END-- [ RunTime:0.001009s ]
SQL: SHOW COLUMNS FROM `p_menber` [ RunTime:0.0028s ]
SQL: SELECT * FROM `p_menber` WHERE `uid` = 9  [ RunTime:0.0005s ]
SQL: SHOW COLUMNS FROM `p_match` [ RunTime:0.0040s ]
SQL: SHOW COLUMNS FROM `p_menber` [ RunTime:0.0032s ]
SQL: SELECT * FROM `p_menber` WHERE `uid` = 9  [ RunTime:0.0003s ]
SQL: SELECT * FROM `p_match` WHERE `state` = 1 AND `type` = 2 AND `uid` = 9  [ RunTime:0.0002s ]
NOTIC: [8] Undefined offset: 0 D:\WWW\dev\register\Application\Home\Controller\IndexController.class.php 第 339 行.
SQL: SHOW COLUMNS FROM `p_orderlog` [ RunTime:0.0025s ]
SQL: SELECT * FROM `p_orderlog` WHERE `logid` = 117  [ RunTime:0.0003s ]
NOTIC: [8] Undefined index: LOCAL_ADDR D:\WWW\dev\register\Application\Home\Controller\IndexController.class.php 第 280 行.
NOTIC: [8] Undefined index: LOCAL_PORT D:\WWW\dev\register\Application\Home\Controller\IndexController.class.php 第 281 行.
SQL: INSERT INTO `p_match` (`uid`,`fishname`,`username`,`userface`,`type`,`state`,`commit_id`,`addtime`) VALUES ('9','收费鱼3','燕飞','/Public/Uploads/2017-07-14/5968d17d476d0.png','2','1','24507B2F-189B-C5EE-04E9-B2A8D979EBF7','2017-07-23 13:43:41') [ RunTime:0.0004s ]
SQL: UPDATE `p_menber` SET `iscompetion`='2' WHERE `uid` = 9 [ RunTime:0.0003s ]
SQL: SELECT * FROM `p_match` WHERE `state` = 1 AND `type` = 2  [ RunTime:0.0004s ]
INFO: [ view_parse ] --START--
INFO: [ template_filter ] --START--
INFO: Run Behavior\ContentReplaceBehavior [ RunTime:0.000152s ]
INFO: [ template_filter ] --END-- [ RunTime:0.000211s ]
INFO: Run Behavior\ParseTemplateBehavior [ RunTime:0.009969s ]
INFO: [ view_parse ] --END-- [ RunTime:0.010042s ]
INFO: [ view_filter ] --START--
INFO: Run Behavior\WriteHtmlCacheBehavior [ RunTime:0.000231s ]
INFO: [ view_filter ] --END-- [ RunTime:0.000274s ]
INFO: [ app_end ] --START--
INFO: Run Behavior\ShowPageTraceBehavior [ RunTime:0.000706s ]
INFO: [ app_end ] --END-- [ RunTime:0.000785s ]

[ 2017-07-23T13:44:42+08:00 ] ::1 /index.php/Home/Index/dealfish
INFO: [ app_init ] --START--
INFO: Run Behavior\BuildLiteBehavior [ RunTime:0.000014s ]
INFO: [ app_init ] --END-- [ RunTime:0.000483s ]
INFO: [ app_begin ] --START--
INFO: Run Behavior\ReadHtmlCacheBehavior [ RunTime:0.000541s ]
INFO: [ app_begin ] --END-- [ RunTime:0.000600s ]
SQL: SHOW COLUMNS FROM `p_menber` [ RunTime:0.0029s ]
SQL: SELECT * FROM `p_menber` WHERE `uid` = 9  [ RunTime:0.0004s ]
SQL: SHOW COLUMNS FROM `p_orderlog` [ RunTime:0.0026s ]
SQL: SELECT * FROM `p_menber` WHERE `uid` = 9  [ RunTime:0.0004s ]
SQL: SELECT * FROM `p_orderlog` WHERE `logid` = 117  [ RunTime:0.0002s ]

[ 2017-07-23T13:45:04+08:00 ] ::1 /index.php/Home/Index/dealfish
INFO: [ app_init ] --START--
INFO: Run Behavior\BuildLiteBehavior [ RunTime:0.000016s ]
INFO: [ app_init ] --END-- [ RunTime:0.000392s ]
INFO: [ app_begin ] --START--
INFO: Run Behavior\ReadHtmlCacheBehavior [ RunTime:0.000407s ]
INFO: [ app_begin ] --END-- [ RunTime:0.000488s ]
SQL: SHOW COLUMNS FROM `p_menber` [ RunTime:0.0028s ]
SQL: SELECT * FROM `p_menber` WHERE `uid` = 9  [ RunTime:0.0004s ]
SQL: SHOW COLUMNS FROM `p_orderlog` [ RunTime:0.0027s ]
SQL: SELECT * FROM `p_menber` WHERE `uid` = 9  [ RunTime:0.0003s ]
SQL: SHOW COLUMNS FROM `p_menber` [ RunTime:0.0026s ]
SQL: SELECT * FROM `p_menber` WHERE `uid` = 9  [ RunTime:0.0003s ]
SQL: SHOW COLUMNS FROM `p_product` [ RunTime:0.0024s ]
SQL: SELECT * FROM `p_product` WHERE `id` = 102  [ RunTime:0.0003s ]
SQL: INSERT INTO `p_orderlog` (`userid`,`productid`,`productname`,`productmoney`,`type`,`states`,`orderid`,`addtime`,`num`,`prices`,`pic`) VALUES ('9','102','收费鱼18','600','2','1','收费鱼18','2017-07-23 13:45:04','1','600','/Public/Home/img/game/money4.png') [ RunTime:0.0002s ]
SQL: UPDATE `p_menber` SET `nowfish`='118',`baoshibag`='200',`userface`='/Public/Home/img/game/money4.png' WHERE `uid` = 9 [ RunTime:0.0002s ]
SQL: SHOW COLUMNS FROM `p_incomelog` [ RunTime:0.0025s ]
SQL: INSERT INTO `p_incomelog` (`type`,`state`,`reson`,`addymd`,`addtime`,`orderid`,`userid`,`income`) VALUES ('3','2','购买鱼','2017-07-23 13:45:04','2017-07-23','118','9','600') [ RunTime:0.0003s ]
INFO: [ app_end ] --START--
INFO: Run Behavior\ShowPageTraceBehavior [ RunTime:0.000657s ]
INFO: [ app_end ] --END-- [ RunTime:0.000703s ]

[ 2017-07-23T13:45:21+08:00 ] ::1 /index.php/Home/Index/index
INFO: [ app_init ] --START--
INFO: Run Behavior\BuildLiteBehavior [ RunTime:0.000035s ]
INFO: [ app_init ] --END-- [ RunTime:0.000723s ]
INFO: [ app_begin ] --START--
INFO: Run Behavior\ReadHtmlCacheBehavior [ RunTime:0.000609s ]
INFO: [ app_begin ] --END-- [ RunTime:0.000693s ]
SQL: SHOW COLUMNS FROM `p_menber` [ RunTime:0.0028s ]
SQL: SELECT * FROM `p_menber` WHERE `uid` = 9  [ RunTime:0.0004s ]
SQL: SHOW COLUMNS FROM `p_menber` [ RunTime:0.0026s ]
SQL: SELECT * FROM `p_menber` ORDER BY fighting DESC LIMIT 10   [ RunTime:0.0007s ]
SQL: SELECT * FROM `p_menber` WHERE `uid` = 9  [ RunTime:0.0006s ]
NOTIC: [8] Undefined index: type D:\WWW\dev\register\Application\Home\Controller\IndexController.class.php 第 11 行.
SQL: SELECT * FROM `p_menber` WHERE `fid` = 9  [ RunTime:0.0005s ]
SQL: SELECT * FROM `p_menber` WHERE `uid` IN ('9','4','2','1')  [ RunTime:0.0005s ]
SQL: SHOW COLUMNS FROM `p_article` [ RunTime:0.0039s ]
SQL: SELECT * FROM `p_article` ORDER BY aid DESC LIMIT 1   [ RunTime:0.0002s ]
SQL: SHOW COLUMNS FROM `p_product` [ RunTime:0.0027s ]
SQL: SELECT * FROM `p_product` WHERE `type` = 2 ORDER BY id asc  [ RunTime:0.0004s ]
SQL: SELECT * FROM `p_product` WHERE `type` = 1 ORDER BY id asc  [ RunTime:0.0002s ]
SQL: SHOW COLUMNS FROM `p_orderlog` [ RunTime:0.0025s ]
SQL: SELECT * FROM `p_orderlog` WHERE `userid` = 9 AND `states` = 1  [ RunTime:0.0003s ]
INFO: [ view_parse ] --START--
INFO: [ template_filter ] --START--
INFO: Run Behavior\ContentReplaceBehavior [ RunTime:0.000413s ]
INFO: [ template_filter ] --END-- [ RunTime:0.000469s ]
INFO: Run Behavior\ParseTemplateBehavior [ RunTime:0.030851s ]
INFO: [ view_parse ] --END-- [ RunTime:0.030914s ]
INFO: [ view_filter ] --START--
INFO: Run Behavior\WriteHtmlCacheBehavior [ RunTime:0.000347s ]
INFO: [ view_filter ] --END-- [ RunTime:0.000388s ]
INFO: [ app_end ] --START--
INFO: Run Behavior\ShowPageTraceBehavior [ RunTime:0.000567s ]
INFO: [ app_end ] --END-- [ RunTime:0.000614s ]

[ 2017-07-23T13:45:24+08:00 ] ::1 /index.php/Home/Index/isconpetion
INFO: [ app_init ] --START--
INFO: Run Behavior\BuildLiteBehavior [ RunTime:0.000017s ]
INFO: [ app_init ] --END-- [ RunTime:0.000498s ]
INFO: [ app_begin ] --START--
INFO: Run Behavior\ReadHtmlCacheBehavior [ RunTime:0.000725s ]
INFO: [ app_begin ] --END-- [ RunTime:0.000823s ]
SQL: SHOW COLUMNS FROM `p_menber` [ RunTime:0.0028s ]
SQL: SELECT * FROM `p_menber` WHERE `uid` = 9  [ RunTime:0.0004s ]
SQL: SHOW COLUMNS FROM `p_menber` [ RunTime:0.0035s ]
SQL: SELECT * FROM `p_menber` WHERE `uid` = 9  [ RunTime:0.0005s ]
SQL: SHOW COLUMNS FROM `p_config` [ RunTime:0.0026s ]
SQL: SELECT * FROM `p_config` WHERE `cid` = 3  [ RunTime:0.0003s ]
SQL: UPDATE `p_menber` SET `incomebag`='970' WHERE `uid` = 9 [ RunTime:0.0003s ]
SQL: SHOW COLUMNS FROM `p_incomelog` [ RunTime:0.0024s ]
SQL: INSERT INTO `p_incomelog` (`type`,`state`,`reson`,`addymd`,`addtime`,`orderid`,`userid`,`income`) VALUES ('3','2','生存场解锁','2017-07-23','2017-07-23 13:45:24','0','9','15') [ RunTime:0.0002s ]
INFO: [ app_end ] --START--
INFO: Run Behavior\ShowPageTraceBehavior [ RunTime:0.000506s ]
INFO: [ app_end ] --END-- [ RunTime:0.000551s ]

[ 2017-07-23T13:45:24+08:00 ] ::1 /index.php/Home/Index/live.html
INFO: [ app_init ] --START--
INFO: Run Behavior\BuildLiteBehavior [ RunTime:0.000014s ]
INFO: [ app_init ] --END-- [ RunTime:0.000340s ]
INFO: [ app_begin ] --START--
INFO: Run Behavior\ReadHtmlCacheBehavior [ RunTime:0.000401s ]
INFO: [ app_begin ] --END-- [ RunTime:0.000452s ]
SQL: SHOW COLUMNS FROM `p_menber` [ RunTime:0.0038s ]
SQL: SELECT * FROM `p_menber` WHERE `uid` = 9  [ RunTime:0.0006s ]
SQL: SHOW COLUMNS FROM `p_match` [ RunTime:0.0033s ]
SQL: SHOW COLUMNS FROM `p_menber` [ RunTime:0.0028s ]
SQL: SELECT * FROM `p_menber` WHERE `uid` = 9  [ RunTime:0.0003s ]
SQL: SELECT * FROM `p_match` WHERE `state` = 1 AND `type` = 2 AND `uid` = 9  [ RunTime:0.0002s ]
SQL: UPDATE `p_menber` SET `iscompetion`='2' WHERE `uid` = 9 [ RunTime:0.0002s ]
SQL: SELECT * FROM `p_match` WHERE `state` = 1 AND `type` = 2  [ RunTime:0.0003s ]
INFO: [ view_parse ] --START--
INFO: [ template_filter ] --START--
INFO: Run Behavior\ContentReplaceBehavior [ RunTime:0.000155s ]
INFO: [ template_filter ] --END-- [ RunTime:0.000217s ]
INFO: Run Behavior\ParseTemplateBehavior [ RunTime:0.008346s ]
INFO: [ view_parse ] --END-- [ RunTime:0.008401s ]
INFO: [ view_filter ] --START--
INFO: Run Behavior\WriteHtmlCacheBehavior [ RunTime:0.000226s ]
INFO: [ view_filter ] --END-- [ RunTime:0.000264s ]
INFO: [ app_end ] --START--
INFO: Run Behavior\ShowPageTraceBehavior [ RunTime:0.000538s ]
INFO: [ app_end ] --END-- [ RunTime:0.000584s ]

[ 2017-07-23T13:47:33+08:00 ] ::1 /index.php/Home/Index/live.html
INFO: [ app_init ] --START--
INFO: Run Behavior\BuildLiteBehavior [ RunTime:0.000017s ]
INFO: [ app_init ] --END-- [ RunTime:0.000516s ]
INFO: [ app_begin ] --START--
INFO: Run Behavior\ReadHtmlCacheBehavior [ RunTime:0.000598s ]
INFO: [ app_begin ] --END-- [ RunTime:0.000665s ]
SQL: SHOW COLUMNS FROM `p_menber` [ RunTime:0.0027s ]
SQL: SELECT * FROM `p_menber` WHERE `uid` = 9  [ RunTime:0.0004s ]
SQL: SHOW COLUMNS FROM `p_match` [ RunTime:0.0025s ]
SQL: SHOW COLUMNS FROM `p_menber` [ RunTime:0.0027s ]
SQL: SELECT * FROM `p_menber` WHERE `uid` = 9  [ RunTime:0.0005s ]
SQL: SELECT * FROM `p_match` WHERE `state` = 1 AND `type` = 2 AND `uid` = 9  [ RunTime:0.0005s ]
SQL: UPDATE `p_menber` SET `iscompetion`='2' WHERE `uid` = 9 [ RunTime:0.0003s ]
SQL: SELECT * FROM `p_match` WHERE `state` = 1 AND `type` = 2  [ RunTime:0.0003s ]
INFO: [ view_parse ] --START--
INFO: [ template_filter ] --START--
INFO: Run Behavior\ContentReplaceBehavior [ RunTime:0.000148s ]
INFO: [ template_filter ] --END-- [ RunTime:0.000206s ]
INFO: Run Behavior\ParseTemplateBehavior [ RunTime:0.008512s ]
INFO: [ view_parse ] --END-- [ RunTime:0.008565s ]
INFO: [ view_filter ] --START--
INFO: Run Behavior\WriteHtmlCacheBehavior [ RunTime:0.000297s ]
INFO: [ view_filter ] --END-- [ RunTime:0.000336s ]
INFO: [ app_end ] --START--
INFO: Run Behavior\ShowPageTraceBehavior [ RunTime:0.000580s ]
INFO: [ app_end ] --END-- [ RunTime:0.000626s ]

[ 2017-07-23T13:50:25+08:00 ] ::1 /index.php/Home/Index/isconpetion
INFO: [ app_init ] --START--
INFO: Run Behavior\BuildLiteBehavior [ RunTime:0.000014s ]
INFO: [ app_init ] --END-- [ RunTime:0.000445s ]
INFO: [ app_begin ] --START--
INFO: Run Behavior\ReadHtmlCacheBehavior [ RunTime:0.000546s ]
INFO: [ app_begin ] --END-- [ RunTime:0.000626s ]
SQL: SHOW COLUMNS FROM `p_menber` [ RunTime:0.0036s ]
SQL: SELECT * FROM `p_menber` WHERE `uid` = 9  [ RunTime:0.0005s ]
SQL: SHOW COLUMNS FROM `p_menber` [ RunTime:0.0030s ]
SQL: SELECT * FROM `p_menber` WHERE `uid` = 9  [ RunTime:0.0003s ]

[ 2017-07-23T13:50:25+08:00 ] ::1 /index.php/Home/Index/live.html
INFO: [ app_init ] --START--
INFO: Run Behavior\BuildLiteBehavior [ RunTime:0.000020s ]
INFO: [ app_init ] --END-- [ RunTime:0.000530s ]
INFO: [ app_begin ] --START--
INFO: Run Behavior\ReadHtmlCacheBehavior [ RunTime:0.000864s ]
INFO: [ app_begin ] --END-- [ RunTime:0.000959s ]
SQL: SHOW COLUMNS FROM `p_menber` [ RunTime:0.0045s ]
SQL: SELECT * FROM `p_menber` WHERE `uid` = 9  [ RunTime:0.0003s ]
SQL: SHOW COLUMNS FROM `p_match` [ RunTime:0.0026s ]
SQL: SHOW COLUMNS FROM `p_menber` [ RunTime:0.0027s ]
SQL: SELECT * FROM `p_menber` WHERE `uid` = 9  [ RunTime:0.0003s ]
SQL: SELECT * FROM `p_match` WHERE `state` = 1 AND `type` = 2 AND `uid` = 9  [ RunTime:0.0002s ]
NOTIC: [8] Undefined offset: 0 D:\WWW\dev\register\Application\Home\Controller\IndexController.class.php 第 339 行.
SQL: SHOW COLUMNS FROM `p_orderlog` [ RunTime:0.0034s ]
SQL: SELECT * FROM `p_orderlog` WHERE `logid` = 118  [ RunTime:0.0004s ]
NOTIC: [8] Undefined index: LOCAL_ADDR D:\WWW\dev\register\Application\Home\Controller\IndexController.class.php 第 280 行.
NOTIC: [8] Undefined index: LOCAL_PORT D:\WWW\dev\register\Application\Home\Controller\IndexController.class.php 第 281 行.
SQL: INSERT INTO `p_match` (`uid`,`fishname`,`username`,`userface`,`type`,`state`,`commit_id`,`addtime`) VALUES ('9','收费鱼18','燕飞','/Public/Home/img/game/money4.png','2','1','1B860EED-E158-31B7-BCCA-905EC6B464B2','2017-07-23 13:50:25') [ RunTime:0.0003s ]
SQL: UPDATE `p_menber` SET `iscompetion`='2' WHERE `uid` = 9 [ RunTime:0.0002s ]
SQL: SELECT * FROM `p_match` WHERE `state` = 1 AND `type` = 2  [ RunTime:0.0003s ]
INFO: [ view_parse ] --START--
INFO: [ template_filter ] --START--
INFO: Run Behavior\ContentReplaceBehavior [ RunTime:0.000284s ]
INFO: [ template_filter ] --END-- [ RunTime:0.000368s ]
INFO: Run Behavior\ParseTemplateBehavior [ RunTime:0.013402s ]
INFO: [ view_parse ] --END-- [ RunTime:0.013476s ]
INFO: [ view_filter ] --START--
INFO: Run Behavior\WriteHtmlCacheBehavior [ RunTime:0.000362s ]
INFO: [ view_filter ] --END-- [ RunTime:0.000413s ]
INFO: [ app_end ] --START--
INFO: Run Behavior\ShowPageTraceBehavior [ RunTime:0.000883s ]
INFO: [ app_end ] --END-- [ RunTime:0.000972s ]

[ 2017-07-23T13:50:35+08:00 ] ::1 /index.php/Home/Index/isconpetion
INFO: [ app_init ] --START--
INFO: Run Behavior\BuildLiteBehavior [ RunTime:0.000014s ]
INFO: [ app_init ] --END-- [ RunTime:0.000368s ]
INFO: [ app_begin ] --START--
INFO: Run Behavior\ReadHtmlCacheBehavior [ RunTime:0.000439s ]
INFO: [ app_begin ] --END-- [ RunTime:0.000510s ]
SQL: SHOW COLUMNS FROM `p_menber` [ RunTime:0.0029s ]
SQL: SELECT * FROM `p_menber` WHERE `uid` = 9  [ RunTime:0.0004s ]
SQL: SHOW COLUMNS FROM `p_menber` [ RunTime:0.0028s ]
SQL: SELECT * FROM `p_menber` WHERE `uid` = 9  [ RunTime:0.0003s ]

[ 2017-07-23T13:50:35+08:00 ] ::1 /index.php/Home/Index/live.html
INFO: [ app_init ] --START--
INFO: Run Behavior\BuildLiteBehavior [ RunTime:0.000021s ]
INFO: [ app_init ] --END-- [ RunTime:0.000490s ]
INFO: [ app_begin ] --START--
INFO: Run Behavior\ReadHtmlCacheBehavior [ RunTime:0.000866s ]
INFO: [ app_begin ] --END-- [ RunTime:0.001057s ]
SQL: SHOW COLUMNS FROM `p_menber` [ RunTime:0.0027s ]
SQL: SELECT * FROM `p_menber` WHERE `uid` = 9  [ RunTime:0.0003s ]
SQL: SHOW COLUMNS FROM `p_match` [ RunTime:0.0023s ]
SQL: SHOW COLUMNS FROM `p_menber` [ RunTime:0.0037s ]
SQL: SELECT * FROM `p_menber` WHERE `uid` = 9  [ RunTime:0.0004s ]
SQL: SELECT * FROM `p_match` WHERE `state` = 1 AND `type` = 2 AND `uid` = 9  [ RunTime:0.0004s ]
SQL: UPDATE `p_menber` SET `iscompetion`='2' WHERE `uid` = 9 [ RunTime:0.0004s ]
SQL: SELECT * FROM `p_match` WHERE `state` = 1 AND `type` = 2  [ RunTime:0.0004s ]
INFO: [ view_parse ] --START--
INFO: [ template_filter ] --START--
INFO: Run Behavior\ContentReplaceBehavior [ RunTime:0.000151s ]
INFO: [ template_filter ] --END-- [ RunTime:0.000208s ]
INFO: Run Behavior\ParseTemplateBehavior [ RunTime:0.008432s ]
INFO: [ view_parse ] --END-- [ RunTime:0.008485s ]
INFO: [ view_filter ] --START--
INFO: Run Behavior\WriteHtmlCacheBehavior [ RunTime:0.000201s ]
INFO: [ view_filter ] --END-- [ RunTime:0.000238s ]
INFO: [ app_end ] --START--
INFO: Run Behavior\ShowPageTraceBehavior [ RunTime:0.000514s ]
INFO: [ app_end ] --END-- [ RunTime:0.000574s ]

[ 2017-07-23T16:33:41+08:00 ] ::1 /
INFO: [ app_init ] --START--
INFO: Run Behavior\BuildLiteBehavior [ RunTime:0.000015s ]
INFO: [ app_init ] --END-- [ RunTime:0.000485s ]
INFO: [ app_begin ] --START--
INFO: Run Behavior\ReadHtmlCacheBehavior [ RunTime:0.000550s ]
INFO: [ app_begin ] --END-- [ RunTime:0.000606s ]
SQL: SHOW COLUMNS FROM `p_menber` [ RunTime:0.0029s ]
SQL: SELECT * FROM `p_menber` WHERE `uid` = 9  [ RunTime:0.0004s ]
SQL: SHOW COLUMNS FROM `p_menber` [ RunTime:0.0027s ]
SQL: SELECT * FROM `p_menber` ORDER BY fighting DESC LIMIT 10   [ RunTime:0.0004s ]
SQL: SELECT * FROM `p_menber` WHERE `uid` = 9  [ RunTime:0.0002s ]
NOTIC: [8] Undefined index: type D:\WWW\dev\register\Application\Home\Controller\IndexController.class.php 第 11 行.
SQL: SELECT * FROM `p_menber` WHERE `fid` = 9  [ RunTime:0.0002s ]
SQL: SELECT * FROM `p_menber` WHERE `uid` IN ('9','4','2','1')  [ RunTime:0.0003s ]
SQL: SHOW COLUMNS FROM `p_article` [ RunTime:0.0025s ]
SQL: SELECT * FROM `p_article` ORDER BY aid DESC LIMIT 1   [ RunTime:0.0003s ]
SQL: SHOW COLUMNS FROM `p_product` [ RunTime:0.0024s ]
SQL: SELECT * FROM `p_product` WHERE `type` = 2 ORDER BY id asc  [ RunTime:0.0004s ]
SQL: SELECT * FROM `p_product` WHERE `type` = 1 ORDER BY id asc  [ RunTime:0.0003s ]
SQL: SHOW COLUMNS FROM `p_orderlog` [ RunTime:0.0027s ]
SQL: SELECT * FROM `p_orderlog` WHERE `userid` = 9 AND `states` = 1  [ RunTime:0.0003s ]
INFO: [ view_parse ] --START--
INFO: [ template_filter ] --START--
INFO: Run Behavior\ContentReplaceBehavior [ RunTime:0.000416s ]
INFO: [ template_filter ] --END-- [ RunTime:0.000475s ]
INFO: Run Behavior\ParseTemplateBehavior [ RunTime:0.026701s ]
INFO: [ view_parse ] --END-- [ RunTime:0.026761s ]
INFO: [ view_filter ] --START--
INFO: Run Behavior\WriteHtmlCacheBehavior [ RunTime:0.000338s ]
INFO: [ view_filter ] --END-- [ RunTime:0.000381s ]
INFO: [ app_end ] --START--
INFO: Run Behavior\ShowPageTraceBehavior [ RunTime:0.000683s ]
INFO: [ app_end ] --END-- [ RunTime:0.000742s ]

[ 2017-07-23T16:38:20+08:00 ] ::1 /
INFO: [ app_init ] --START--
INFO: Run Behavior\BuildLiteBehavior [ RunTime:0.000014s ]
INFO: [ app_init ] --END-- [ RunTime:0.000465s ]
INFO: [ app_begin ] --START--
INFO: Run Behavior\ReadHtmlCacheBehavior [ RunTime:0.000559s ]
INFO: [ app_begin ] --END-- [ RunTime:0.000625s ]
SQL: SHOW COLUMNS FROM `p_menber` [ RunTime:0.0027s ]
SQL: SELECT * FROM `p_menber` WHERE `uid` = 9  [ RunTime:0.0003s ]
SQL: SHOW COLUMNS FROM `p_menber` [ RunTime:0.0025s ]
SQL: SELECT * FROM `p_menber` ORDER BY fighting DESC LIMIT 10   [ RunTime:0.0004s ]
SQL: SELECT * FROM `p_menber` WHERE `uid` = 9  [ RunTime:0.0002s ]
NOTIC: [8] Undefined index: type D:\WWW\dev\register\Application\Home\Controller\IndexController.class.php 第 11 行.
SQL: SELECT * FROM `p_menber` WHERE `fid` = 9  [ RunTime:0.0002s ]
SQL: SELECT * FROM `p_menber` WHERE `uid` IN ('9','4','2','1')  [ RunTime:0.0003s ]
SQL: SHOW COLUMNS FROM `p_article` [ RunTime:0.0025s ]
SQL: SELECT * FROM `p_article` ORDER BY aid DESC LIMIT 1   [ RunTime:0.0003s ]
SQL: SHOW COLUMNS FROM `p_product` [ RunTime:0.0031s ]
SQL: SELECT * FROM `p_product` WHERE `type` = 2 ORDER BY id asc  [ RunTime:0.0007s ]
SQL: SELECT * FROM `p_product` WHERE `type` = 1 ORDER BY id asc  [ RunTime:0.0004s ]
SQL: SHOW COLUMNS FROM `p_orderlog` [ RunTime:0.0029s ]
SQL: SELECT * FROM `p_orderlog` WHERE `userid` = 9 AND `states` = 1  [ RunTime:0.0004s ]
INFO: [ view_parse ] --START--
INFO: [ template_filter ] --START--
INFO: Run Behavior\ContentReplaceBehavior [ RunTime:0.000402s ]
INFO: [ template_filter ] --END-- [ RunTime:0.000460s ]
INFO: Run Behavior\ParseTemplateBehavior [ RunTime:0.016788s ]
INFO: [ view_parse ] --END-- [ RunTime:0.016847s ]
INFO: [ view_filter ] --START--
INFO: Run Behavior\WriteHtmlCacheBehavior [ RunTime:0.000321s ]
INFO: [ view_filter ] --END-- [ RunTime:0.000362s ]
INFO: [ app_end ] --START--
INFO: Run Behavior\ShowPageTraceBehavior [ RunTime:0.000797s ]
INFO: [ app_end ] --END-- [ RunTime:0.000874s ]

[ 2017-07-23T16:38:54+08:00 ] ::1 /
INFO: [ app_init ] --START--
INFO: Run Behavior\BuildLiteBehavior [ RunTime:0.000021s ]
INFO: [ app_init ] --END-- [ RunTime:0.000480s ]
INFO: [ app_begin ] --START--
INFO: Run Behavior\ReadHtmlCacheBehavior [ RunTime:0.000679s ]
INFO: [ app_begin ] --END-- [ RunTime:0.000771s ]
SQL: SHOW COLUMNS FROM `p_menber` [ RunTime:0.0036s ]
SQL: SELECT * FROM `p_menber` WHERE `uid` = 9  [ RunTime:0.0005s ]
SQL: SHOW COLUMNS FROM `p_menber` [ RunTime:0.0031s ]
SQL: SELECT * FROM `p_menber` ORDER BY fighting DESC LIMIT 10   [ RunTime:0.0005s ]
SQL: SELECT * FROM `p_menber` WHERE `uid` = 9  [ RunTime:0.0003s ]
NOTIC: [8] Undefined index: type D:\WWW\dev\register\Application\Home\Controller\IndexController.class.php 第 11 行.
SQL: SELECT * FROM `p_menber` WHERE `fid` = 9  [ RunTime:0.0002s ]
SQL: SELECT * FROM `p_menber` WHERE `uid` IN ('9','4','2','1')  [ RunTime:0.0003s ]
SQL: SHOW COLUMNS FROM `p_article` [ RunTime:0.0022s ]
SQL: SELECT * FROM `p_article` ORDER BY aid DESC LIMIT 1   [ RunTime:0.0002s ]
SQL: SHOW COLUMNS FROM `p_product` [ RunTime:0.0023s ]
SQL: SELECT * FROM `p_product` WHERE `type` = 2 ORDER BY id asc  [ RunTime:0.0005s ]
SQL: SELECT * FROM `p_product` WHERE `type` = 1 ORDER BY id asc  [ RunTime:0.0003s ]
SQL: SHOW COLUMNS FROM `p_orderlog` [ RunTime:0.0030s ]
SQL: SELECT * FROM `p_orderlog` WHERE `userid` = 9 AND `states` = 1  [ RunTime:0.0003s ]
INFO: [ view_parse ] --START--
INFO: [ template_filter ] --START--
INFO: Run Behavior\ContentReplaceBehavior [ RunTime:0.000404s ]
INFO: [ template_filter ] --END-- [ RunTime:0.000461s ]
INFO: Run Behavior\ParseTemplateBehavior [ RunTime:0.015171s ]
INFO: [ view_parse ] --END-- [ RunTime:0.015251s ]
INFO: [ view_filter ] --START--
INFO: Run Behavior\WriteHtmlCacheBehavior [ RunTime:0.000286s ]
INFO: [ view_filter ] --END-- [ RunTime:0.000342s ]
INFO: [ app_end ] --START--
INFO: Run Behavior\ShowPageTraceBehavior [ RunTime:0.000703s ]
INFO: [ app_end ] --END-- [ RunTime:0.000782s ]

