[ 2017-07-26T21:06:30+08:00 ] ::1 /index.php/Admin
INFO: [ app_init ] --START--
INFO: Run Behavior\BuildLiteBehavior [ RunTime:0.000014s ]
INFO: [ app_init ] --END-- [ RunTime:0.000337s ]
INFO: [ app_begin ] --START--
INFO: Run Behavior\ReadHtmlCacheBehavior [ RunTime:0.000468s ]
INFO: [ app_begin ] --END-- [ RunTime:0.000533s ]
NOTIC: [8] Undefined index: uname D:\WWW\dev\register\Application\Admin\Controller\CommonController.class.php 第 7 行.

[ 2017-07-26T21:06:31+08:00 ] ::1 /index.php/Admin/User/login
INFO: [ app_init ] --START--
INFO: Run Behavior\BuildLiteBehavior [ RunTime:0.000019s ]
INFO: [ app_init ] --END-- [ RunTime:0.000478s ]
INFO: [ app_begin ] --START--
INFO: Run Behavior\ReadHtmlCacheBehavior [ RunTime:0.000520s ]
INFO: [ app_begin ] --END-- [ RunTime:0.000605s ]
INFO: [ view_parse ] --START--
INFO: [ template_filter ] --START--
INFO: Run Behavior\ContentReplaceBehavior [ RunTime:0.000065s ]
INFO: [ template_filter ] --END-- [ RunTime:0.000130s ]
INFO: Run Behavior\ParseTemplateBehavior [ RunTime:0.023338s ]
INFO: [ view_parse ] --END-- [ RunTime:0.023442s ]
INFO: [ view_filter ] --START--
INFO: Run Behavior\WriteHtmlCacheBehavior [ RunTime:0.000236s ]
INFO: [ view_filter ] --END-- [ RunTime:0.000276s ]
INFO: [ app_end ] --START--
INFO: Run Behavior\ShowPageTraceBehavior [ RunTime:0.000442s ]
INFO: [ app_end ] --END-- [ RunTime:0.000484s ]

[ 2017-07-26T21:06:34+08:00 ] ::1 /index.php/Admin/User/login
INFO: [ app_init ] --START--
INFO: Run Behavior\BuildLiteBehavior [ RunTime:0.000013s ]
INFO: [ app_init ] --END-- [ RunTime:0.000334s ]
INFO: [ app_begin ] --START--
INFO: Run Behavior\ReadHtmlCacheBehavior [ RunTime:0.000402s ]
INFO: [ app_begin ] --END-- [ RunTime:0.000453s ]
SQL: SHOW COLUMNS FROM `p_user` [ RunTime:0.0405s ]
SQL: SELECT * FROM `p_user` WHERE `name` = 'admin' AND `password` = '123asd'  [ RunTime:0.0004s ]
INFO: [ view_parse ] --START--
INFO: [ template_filter ] --START--
INFO: Run Behavior\ContentReplaceBehavior [ RunTime:0.000066s ]
INFO: [ template_filter ] --END-- [ RunTime:0.000128s ]
INFO: Run Behavior\ParseTemplateBehavior [ RunTime:0.005892s ]
INFO: [ view_parse ] --END-- [ RunTime:0.005944s ]
INFO: [ view_filter ] --START--
INFO: Run Behavior\WriteHtmlCacheBehavior [ RunTime:0.000209s ]
INFO: [ view_filter ] --END-- [ RunTime:0.000247s ]
INFO: [ app_end ] --START--
INFO: Run Behavior\ShowPageTraceBehavior [ RunTime:0.000441s ]
INFO: [ app_end ] --END-- [ RunTime:0.000483s ]

[ 2017-07-26T21:06:34+08:00 ] ::1 /index.php/Admin/Index/main
INFO: [ app_init ] --START--
INFO: Run Behavior\BuildLiteBehavior [ RunTime:0.000022s ]
INFO: [ app_init ] --END-- [ RunTime:0.000411s ]
INFO: [ app_begin ] --START--
INFO: Run Behavior\ReadHtmlCacheBehavior [ RunTime:0.000530s ]
INFO: [ app_begin ] --END-- [ RunTime:0.000612s ]
SQL: SHOW COLUMNS FROM `p_user` [ RunTime:0.0033s ]
SQL: SELECT * FROM `p_user` WHERE `name` = 'admin'  [ RunTime:0.0004s ]
SQL: SELECT * FROM `p_user`  [ RunTime:0.0002s ]
INFO: [ view_parse ] --START--
NOTIC: [2] file_get_contents(./Public/conn/header.html): failed to open stream: No such file or directory D:\WWW\dev\register\ThinkPHP\Library\Think\Template.class.php 第 696 行.
INFO: [ template_filter ] --START--
INFO: Run Behavior\ContentReplaceBehavior [ RunTime:0.000105s ]
INFO: [ template_filter ] --END-- [ RunTime:0.000161s ]
INFO: Run Behavior\ParseTemplateBehavior [ RunTime:0.040702s ]
INFO: [ view_parse ] --END-- [ RunTime:0.040765s ]
INFO: [ view_filter ] --START--
INFO: Run Behavior\WriteHtmlCacheBehavior [ RunTime:0.000206s ]
INFO: [ view_filter ] --END-- [ RunTime:0.000247s ]
INFO: [ app_end ] --START--
INFO: Run Behavior\ShowPageTraceBehavior [ RunTime:0.000466s ]
INFO: [ app_end ] --END-- [ RunTime:0.000510s ]

[ 2017-07-26T21:06:45+08:00 ] ::1 /index.php/Admin/Index/main
INFO: [ app_init ] --START--
INFO: Run Behavior\BuildLiteBehavior [ RunTime:0.000015s ]
INFO: [ app_init ] --END-- [ RunTime:0.000350s ]
INFO: [ app_begin ] --START--
INFO: Run Behavior\ReadHtmlCacheBehavior [ RunTime:0.000413s ]
INFO: [ app_begin ] --END-- [ RunTime:0.000465s ]
SQL: SHOW COLUMNS FROM `p_user` [ RunTime:0.0031s ]
SQL: SELECT * FROM `p_user` WHERE `name` = 'admin'  [ RunTime:0.0004s ]
SQL: SELECT * FROM `p_user`  [ RunTime:0.0003s ]
INFO: [ view_parse ] --START--
NOTIC: [2] file_get_contents(./Public/conn/header.html): failed to open stream: No such file or directory D:\WWW\dev\register\ThinkPHP\Library\Think\Template.class.php 第 696 行.
INFO: [ template_filter ] --START--
INFO: Run Behavior\ContentReplaceBehavior [ RunTime:0.000106s ]
INFO: [ template_filter ] --END-- [ RunTime:0.000156s ]
INFO: Run Behavior\ParseTemplateBehavior [ RunTime:0.009936s ]
INFO: [ view_parse ] --END-- [ RunTime:0.031162s ]
INFO: [ view_filter ] --START--
INFO: Run Behavior\WriteHtmlCacheBehavior [ RunTime:0.000353s ]
INFO: [ view_filter ] --END-- [ RunTime:0.000414s ]
INFO: [ app_end ] --START--
INFO: Run Behavior\ShowPageTraceBehavior [ RunTime:0.000666s ]
INFO: [ app_end ] --END-- [ RunTime:0.000760s ]

[ 2017-07-26T21:09:22+08:00 ] ::1 /index.php/Admin/Index/productlist
INFO: [ app_init ] --START--
INFO: Run Behavior\BuildLiteBehavior [ RunTime:0.000027s ]
INFO: [ app_init ] --END-- [ RunTime:0.000773s ]
INFO: [ app_begin ] --START--
INFO: Run Behavior\ReadHtmlCacheBehavior [ RunTime:0.000537s ]
INFO: [ app_begin ] --END-- [ RunTime:0.000599s ]
SQL: SHOW COLUMNS FROM `p_user` [ RunTime:0.0026s ]
SQL: SELECT * FROM `p_user` WHERE `name` = 'admin'  [ RunTime:0.0003s ]
SQL: SHOW COLUMNS FROM `p_product` [ RunTime:0.2969s ]
NOTIC: [8] Undefined index: type D:\WWW\dev\register\Application\Admin\Controller\IndexController.class.php 第 69 行.
NOTIC: [8] Undefined variable: condtion D:\WWW\dev\register\Application\Admin\Controller\IndexController.class.php 第 73 行.
SQL: SELECT * FROM `p_product` ORDER BY id asc  [ RunTime:0.0201s ]
INFO: [ view_parse ] --START--
INFO: [ template_filter ] --START--
INFO: Run Behavior\ContentReplaceBehavior [ RunTime:0.000333s ]
INFO: [ template_filter ] --END-- [ RunTime:0.000530s ]
NOTIC: [8] Undefined variable: fenye D:\WWW\dev\register\Application\Runtime\Cache\Admin\b57a1317d549542c46326456710c5e25.php 第 207 行.
INFO: Run Behavior\ParseTemplateBehavior [ RunTime:0.051530s ]
INFO: [ view_parse ] --END-- [ RunTime:0.051788s ]
INFO: [ view_filter ] --START--
INFO: Run Behavior\WriteHtmlCacheBehavior [ RunTime:0.001873s ]
INFO: [ view_filter ] --END-- [ RunTime:0.002058s ]
INFO: [ app_end ] --START--
INFO: Run Behavior\ShowPageTraceBehavior [ RunTime:0.003171s ]
INFO: [ app_end ] --END-- [ RunTime:0.003383s ]

[ 2017-07-26T21:09:52+08:00 ] ::1 /index.php/admin/User/logOut
INFO: [ app_init ] --START--
INFO: Run Behavior\BuildLiteBehavior [ RunTime:0.000024s ]
INFO: [ app_init ] --END-- [ RunTime:0.000570s ]
INFO: [ app_begin ] --START--
INFO: Run Behavior\ReadHtmlCacheBehavior [ RunTime:0.000811s ]
INFO: [ app_begin ] --END-- [ RunTime:0.000928s ]
INFO: [ app_end ] --START--
INFO: Run Behavior\ShowPageTraceBehavior [ RunTime:0.000771s ]
INFO: [ app_end ] --END-- [ RunTime:0.000879s ]

[ 2017-07-26T21:09:52+08:00 ] ::1 /index.php/Admin/User/login
INFO: [ app_init ] --START--
INFO: Run Behavior\BuildLiteBehavior [ RunTime:0.000015s ]
INFO: [ app_init ] --END-- [ RunTime:0.000360s ]
INFO: [ app_begin ] --START--
INFO: Run Behavior\ReadHtmlCacheBehavior [ RunTime:0.000467s ]
INFO: [ app_begin ] --END-- [ RunTime:0.000528s ]
INFO: [ view_parse ] --START--
INFO: [ template_filter ] --START--
INFO: Run Behavior\ContentReplaceBehavior [ RunTime:0.000100s ]
INFO: [ template_filter ] --END-- [ RunTime:0.000220s ]
INFO: Run Behavior\ParseTemplateBehavior [ RunTime:0.010925s ]
INFO: [ view_parse ] --END-- [ RunTime:0.011078s ]
INFO: [ view_filter ] --START--
INFO: Run Behavior\WriteHtmlCacheBehavior [ RunTime:0.000756s ]
INFO: [ view_filter ] --END-- [ RunTime:0.000958s ]
INFO: [ app_end ] --START--
INFO: Run Behavior\ShowPageTraceBehavior [ RunTime:0.000687s ]
INFO: [ app_end ] --END-- [ RunTime:0.000757s ]

[ 2017-07-26T21:09:55+08:00 ] ::1 /index.php/Admin/User/login
INFO: [ app_init ] --START--
INFO: Run Behavior\BuildLiteBehavior [ RunTime:0.000014s ]
INFO: [ app_init ] --END-- [ RunTime:0.000340s ]
INFO: [ app_begin ] --START--
INFO: Run Behavior\ReadHtmlCacheBehavior [ RunTime:0.000414s ]
INFO: [ app_begin ] --END-- [ RunTime:0.000465s ]
SQL: SHOW COLUMNS FROM `p_user` [ RunTime:0.0028s ]
SQL: SELECT * FROM `p_user` WHERE `name` = 'admin' AND `password` = '123asd'  [ RunTime:0.0004s ]
INFO: [ view_parse ] --START--
INFO: [ template_filter ] --START--
INFO: Run Behavior\ContentReplaceBehavior [ RunTime:0.000060s ]
INFO: [ template_filter ] --END-- [ RunTime:0.000115s ]
INFO: Run Behavior\ParseTemplateBehavior [ RunTime:0.005351s ]
INFO: [ view_parse ] --END-- [ RunTime:0.005414s ]
INFO: [ view_filter ] --START--
INFO: Run Behavior\WriteHtmlCacheBehavior [ RunTime:0.000193s ]
INFO: [ view_filter ] --END-- [ RunTime:0.000231s ]
INFO: [ app_end ] --START--
INFO: Run Behavior\ShowPageTraceBehavior [ RunTime:0.000440s ]
INFO: [ app_end ] --END-- [ RunTime:0.000482s ]

[ 2017-07-26T21:09:55+08:00 ] ::1 /index.php/Admin/Index/productlist
INFO: [ app_init ] --START--
INFO: Run Behavior\BuildLiteBehavior [ RunTime:0.000026s ]
INFO: [ app_init ] --END-- [ RunTime:0.000537s ]
INFO: [ app_begin ] --START--
INFO: Run Behavior\ReadHtmlCacheBehavior [ RunTime:0.000429s ]
INFO: [ app_begin ] --END-- [ RunTime:0.000482s ]
SQL: SHOW COLUMNS FROM `p_user` [ RunTime:0.0026s ]
SQL: SELECT * FROM `p_user` WHERE `name` = 'admin'  [ RunTime:0.0004s ]
SQL: SHOW COLUMNS FROM `p_product` [ RunTime:0.0025s ]
NOTIC: [8] Undefined index: type D:\WWW\dev\register\Application\Admin\Controller\IndexController.class.php 第 69 行.
NOTIC: [8] Undefined variable: condtion D:\WWW\dev\register\Application\Admin\Controller\IndexController.class.php 第 73 行.
SQL: SELECT * FROM `p_product` ORDER BY id asc  [ RunTime:0.0004s ]
INFO: [ view_parse ] --START--
INFO: [ template_filter ] --START--
INFO: Run Behavior\ContentReplaceBehavior [ RunTime:0.000139s ]
INFO: [ template_filter ] --END-- [ RunTime:0.000207s ]
NOTIC: [8] Undefined variable: fenye D:\WWW\dev\register\Application\Runtime\Cache\Admin\b57a1317d549542c46326456710c5e25.php 第 207 行.
INFO: Run Behavior\ParseTemplateBehavior [ RunTime:0.011592s ]
INFO: [ view_parse ] --END-- [ RunTime:0.011656s ]
INFO: [ view_filter ] --START--
INFO: Run Behavior\WriteHtmlCacheBehavior [ RunTime:0.000266s ]
INFO: [ view_filter ] --END-- [ RunTime:0.000316s ]
INFO: [ app_end ] --START--
INFO: Run Behavior\ShowPageTraceBehavior [ RunTime:0.000983s ]
INFO: [ app_end ] --END-- [ RunTime:0.001066s ]

[ 2017-07-26T21:10:02+08:00 ] ::1 /index.php/Admin/Index/main
INFO: [ app_init ] --START--
INFO: Run Behavior\BuildLiteBehavior [ RunTime:0.000015s ]
INFO: [ app_init ] --END-- [ RunTime:0.000336s ]
INFO: [ app_begin ] --START--
INFO: Run Behavior\ReadHtmlCacheBehavior [ RunTime:0.000407s ]
INFO: [ app_begin ] --END-- [ RunTime:0.000458s ]
SQL: SHOW COLUMNS FROM `p_user` [ RunTime:0.0027s ]
SQL: SELECT * FROM `p_user` WHERE `name` = 'admin'  [ RunTime:0.0004s ]
SQL: SELECT * FROM `p_user`  [ RunTime:0.0003s ]
INFO: [ view_parse ] --START--
NOTIC: [2] file_get_contents(./Public/conn/header.html): failed to open stream: No such file or directory D:\WWW\dev\register\ThinkPHP\Library\Think\Template.class.php 第 696 行.
INFO: [ template_filter ] --START--
INFO: Run Behavior\ContentReplaceBehavior [ RunTime:0.000113s ]
INFO: [ template_filter ] --END-- [ RunTime:0.000184s ]
INFO: Run Behavior\ParseTemplateBehavior [ RunTime:0.011209s ]
INFO: [ view_parse ] --END-- [ RunTime:0.011277s ]
INFO: [ view_filter ] --START--
INFO: Run Behavior\WriteHtmlCacheBehavior [ RunTime:0.000390s ]
INFO: [ view_filter ] --END-- [ RunTime:0.000440s ]
INFO: [ app_end ] --START--
INFO: Run Behavior\ShowPageTraceBehavior [ RunTime:0.000477s ]
INFO: [ app_end ] --END-- [ RunTime:0.000527s ]

[ 2017-07-26T21:13:12+08:00 ] ::1 /index.php/admin/User/logOut
INFO: [ app_init ] --START--
INFO: Run Behavior\BuildLiteBehavior [ RunTime:0.000018s ]
INFO: [ app_init ] --END-- [ RunTime:0.000548s ]
INFO: [ app_begin ] --START--
INFO: Run Behavior\ReadHtmlCacheBehavior [ RunTime:0.000629s ]
INFO: [ app_begin ] --END-- [ RunTime:0.000712s ]
INFO: [ app_end ] --START--
INFO: Run Behavior\ShowPageTraceBehavior [ RunTime:0.000614s ]
INFO: [ app_end ] --END-- [ RunTime:0.000672s ]

[ 2017-07-26T21:13:12+08:00 ] ::1 /index.php/Admin/User/login
INFO: [ app_init ] --START--
INFO: Run Behavior\BuildLiteBehavior [ RunTime:0.000015s ]
INFO: [ app_init ] --END-- [ RunTime:0.000379s ]
INFO: [ app_begin ] --START--
INFO: Run Behavior\ReadHtmlCacheBehavior [ RunTime:0.000461s ]
INFO: [ app_begin ] --END-- [ RunTime:0.000527s ]
INFO: [ view_parse ] --START--
INFO: [ template_filter ] --START--
INFO: Run Behavior\ContentReplaceBehavior [ RunTime:0.000145s ]
INFO: [ template_filter ] --END-- [ RunTime:0.000372s ]
INFO: Run Behavior\ParseTemplateBehavior [ RunTime:0.009088s ]
INFO: [ view_parse ] --END-- [ RunTime:0.009230s ]
INFO: [ view_filter ] --START--
INFO: Run Behavior\WriteHtmlCacheBehavior [ RunTime:0.000352s ]
INFO: [ view_filter ] --END-- [ RunTime:0.000395s ]
INFO: [ app_end ] --START--
INFO: Run Behavior\ShowPageTraceBehavior [ RunTime:0.000485s ]
INFO: [ app_end ] --END-- [ RunTime:0.000538s ]

[ 2017-07-26T21:13:17+08:00 ] ::1 /index.php/Admin/User/login
INFO: [ app_init ] --START--
INFO: Run Behavior\BuildLiteBehavior [ RunTime:0.000014s ]
INFO: [ app_init ] --END-- [ RunTime:0.000337s ]
INFO: [ app_begin ] --START--
INFO: Run Behavior\ReadHtmlCacheBehavior [ RunTime:0.000407s ]
INFO: [ app_begin ] --END-- [ RunTime:0.000458s ]
SQL: SHOW COLUMNS FROM `p_user` [ RunTime:0.0026s ]
SQL: SELECT * FROM `p_user` WHERE `name` = 'admin2' AND `password` = '123asd'  [ RunTime:0.0003s ]
INFO: [ view_parse ] --START--
INFO: [ template_filter ] --START--
INFO: Run Behavior\ContentReplaceBehavior [ RunTime:0.000061s ]
INFO: [ template_filter ] --END-- [ RunTime:0.000116s ]
INFO: Run Behavior\ParseTemplateBehavior [ RunTime:0.005207s ]
INFO: [ view_parse ] --END-- [ RunTime:0.005266s ]
INFO: [ view_filter ] --START--
INFO: Run Behavior\WriteHtmlCacheBehavior [ RunTime:0.000224s ]
INFO: [ view_filter ] --END-- [ RunTime:0.000264s ]
INFO: [ app_end ] --START--
INFO: Run Behavior\ShowPageTraceBehavior [ RunTime:0.000469s ]
INFO: [ app_end ] --END-- [ RunTime:0.000512s ]

[ 2017-07-26T21:13:17+08:00 ] ::1 /index.php/Admin/Index/productlist
INFO: [ app_init ] --START--
INFO: Run Behavior\BuildLiteBehavior [ RunTime:0.000023s ]
INFO: [ app_init ] --END-- [ RunTime:0.000554s ]
INFO: [ app_begin ] --START--
INFO: Run Behavior\ReadHtmlCacheBehavior [ RunTime:0.000595s ]
INFO: [ app_begin ] --END-- [ RunTime:0.000670s ]
SQL: SHOW COLUMNS FROM `p_user` [ RunTime:0.0027s ]
SQL: SELECT * FROM `p_user` WHERE `name` = 'admin2'  [ RunTime:0.0005s ]
SQL: SHOW COLUMNS FROM `p_product` [ RunTime:0.0031s ]
NOTIC: [8] Undefined index: type D:\WWW\dev\register\Application\Admin\Controller\IndexController.class.php 第 69 行.
NOTIC: [8] Undefined variable: condtion D:\WWW\dev\register\Application\Admin\Controller\IndexController.class.php 第 73 行.
SQL: SELECT * FROM `p_product` ORDER BY id asc  [ RunTime:0.0005s ]
INFO: [ view_parse ] --START--
INFO: [ template_filter ] --START--
INFO: Run Behavior\ContentReplaceBehavior [ RunTime:0.000156s ]
INFO: [ template_filter ] --END-- [ RunTime:0.000213s ]
NOTIC: [8] Undefined variable: fenye D:\WWW\dev\register\Application\Runtime\Cache\Admin\b57a1317d549542c46326456710c5e25.php 第 209 行.
INFO: Run Behavior\ParseTemplateBehavior [ RunTime:0.011407s ]
INFO: [ view_parse ] --END-- [ RunTime:0.011506s ]
INFO: [ view_filter ] --START--
INFO: Run Behavior\WriteHtmlCacheBehavior [ RunTime:0.000295s ]
INFO: [ view_filter ] --END-- [ RunTime:0.000338s ]
INFO: [ app_end ] --START--
INFO: Run Behavior\ShowPageTraceBehavior [ RunTime:0.000506s ]
INFO: [ app_end ] --END-- [ RunTime:0.000567s ]

[ 2017-07-26T21:13:28+08:00 ] ::1 /index.php/Admin/Index/productlist
INFO: [ app_init ] --START--
INFO: Run Behavior\BuildLiteBehavior [ RunTime:0.000013s ]
INFO: [ app_init ] --END-- [ RunTime:0.000552s ]
INFO: [ app_begin ] --START--
INFO: Run Behavior\ReadHtmlCacheBehavior [ RunTime:0.000606s ]
INFO: [ app_begin ] --END-- [ RunTime:0.000672s ]
SQL: SHOW COLUMNS FROM `p_user` [ RunTime:0.0028s ]
SQL: SELECT * FROM `p_user` WHERE `name` = 'admin2'  [ RunTime:0.0004s ]
SQL: SHOW COLUMNS FROM `p_product` [ RunTime:0.0033s ]
NOTIC: [8] Undefined index: type D:\WWW\dev\register\Application\Admin\Controller\IndexController.class.php 第 69 行.
NOTIC: [8] Undefined variable: condtion D:\WWW\dev\register\Application\Admin\Controller\IndexController.class.php 第 73 行.
SQL: SELECT * FROM `p_product` ORDER BY id asc  [ RunTime:0.0006s ]
INFO: [ view_parse ] --START--
INFO: [ template_filter ] --START--
INFO: Run Behavior\ContentReplaceBehavior [ RunTime:0.000133s ]
INFO: [ template_filter ] --END-- [ RunTime:0.000195s ]
NOTIC: [8] Undefined variable: fenye D:\WWW\dev\register\Application\Runtime\Cache\Admin\b57a1317d549542c46326456710c5e25.php 第 209 行.
INFO: Run Behavior\ParseTemplateBehavior [ RunTime:0.023335s ]
INFO: [ view_parse ] --END-- [ RunTime:0.023443s ]
INFO: [ view_filter ] --START--
INFO: Run Behavior\WriteHtmlCacheBehavior [ RunTime:0.000345s ]
INFO: [ view_filter ] --END-- [ RunTime:0.000388s ]
INFO: [ app_end ] --START--
INFO: Run Behavior\ShowPageTraceBehavior [ RunTime:0.000883s ]
INFO: [ app_end ] --END-- [ RunTime:0.000960s ]

[ 2017-07-26T21:14:37+08:00 ] ::1 /index.php/Admin/Index/productlist
INFO: [ app_init ] --START--
INFO: Run Behavior\BuildLiteBehavior [ RunTime:0.000015s ]
INFO: [ app_init ] --END-- [ RunTime:0.000371s ]
INFO: [ app_begin ] --START--
INFO: Run Behavior\ReadHtmlCacheBehavior [ RunTime:0.000460s ]
INFO: [ app_begin ] --END-- [ RunTime:0.000513s ]
SQL: SHOW COLUMNS FROM `p_user` [ RunTime:0.0046s ]
SQL: SELECT * FROM `p_user` WHERE `name` = 'admin2'  [ RunTime:0.0004s ]
SQL: SHOW COLUMNS FROM `p_product` [ RunTime:0.0032s ]
NOTIC: [8] Undefined index: type D:\WWW\dev\register\Application\Admin\Controller\IndexController.class.php 第 69 行.
NOTIC: [8] Undefined variable: condtion D:\WWW\dev\register\Application\Admin\Controller\IndexController.class.php 第 73 行.
SQL: SELECT * FROM `p_product` ORDER BY id asc  [ RunTime:0.0005s ]
INFO: [ view_parse ] --START--
INFO: [ template_filter ] --START--
INFO: Run Behavior\ContentReplaceBehavior [ RunTime:0.000141s ]
INFO: [ template_filter ] --END-- [ RunTime:0.000219s ]
NOTIC: [8] Undefined variable: fenye D:\WWW\dev\register\Application\Runtime\Cache\Admin\b57a1317d549542c46326456710c5e25.php 第 207 行.
INFO: Run Behavior\ParseTemplateBehavior [ RunTime:0.011899s ]
INFO: [ view_parse ] --END-- [ RunTime:0.011965s ]
INFO: [ view_filter ] --START--
INFO: Run Behavior\WriteHtmlCacheBehavior [ RunTime:0.000215s ]
INFO: [ view_filter ] --END-- [ RunTime:0.000253s ]
INFO: [ app_end ] --START--
INFO: Run Behavior\ShowPageTraceBehavior [ RunTime:0.000517s ]
INFO: [ app_end ] --END-- [ RunTime:0.000563s ]

[ 2017-07-26T21:15:23+08:00 ] ::1 /index.php/Admin/Index/productlist
INFO: [ app_init ] --START--
INFO: Run Behavior\BuildLiteBehavior [ RunTime:0.000014s ]
INFO: [ app_init ] --END-- [ RunTime:0.000342s ]
INFO: [ app_begin ] --START--
INFO: Run Behavior\ReadHtmlCacheBehavior [ RunTime:0.000413s ]
INFO: [ app_begin ] --END-- [ RunTime:0.000489s ]
SQL: SHOW COLUMNS FROM `p_user` [ RunTime:0.0032s ]
SQL: SELECT * FROM `p_user` WHERE `name` = 'admin2'  [ RunTime:0.0004s ]
SQL: SHOW COLUMNS FROM `p_product` [ RunTime:0.0025s ]
NOTIC: [8] Undefined index: type D:\WWW\dev\register\Application\Admin\Controller\IndexController.class.php 第 69 行.
NOTIC: [8] Undefined variable: condtion D:\WWW\dev\register\Application\Admin\Controller\IndexController.class.php 第 73 行.
SQL: SELECT * FROM `p_product` ORDER BY id asc  [ RunTime:0.0005s ]
INFO: [ view_parse ] --START--
INFO: [ template_filter ] --START--
INFO: Run Behavior\ContentReplaceBehavior [ RunTime:0.000123s ]
INFO: [ template_filter ] --END-- [ RunTime:0.000183s ]
NOTIC: [8] Undefined variable: fenye D:\WWW\dev\register\Application\Runtime\Cache\Admin\b57a1317d549542c46326456710c5e25.php 第 207 行.
INFO: Run Behavior\ParseTemplateBehavior [ RunTime:0.012922s ]
INFO: [ view_parse ] --END-- [ RunTime:0.012984s ]
INFO: [ view_filter ] --START--
INFO: Run Behavior\WriteHtmlCacheBehavior [ RunTime:0.000206s ]
INFO: [ view_filter ] --END-- [ RunTime:0.000245s ]
INFO: [ app_end ] --START--
INFO: Run Behavior\ShowPageTraceBehavior [ RunTime:0.000534s ]
INFO: [ app_end ] --END-- [ RunTime:0.000581s ]

[ 2017-07-26T21:15:52+08:00 ] ::1 /index.php/Admin/Index/productlist
INFO: [ app_init ] --START--
INFO: Run Behavior\BuildLiteBehavior [ RunTime:0.000014s ]
INFO: [ app_init ] --END-- [ RunTime:0.000451s ]
INFO: [ app_begin ] --START--
INFO: Run Behavior\ReadHtmlCacheBehavior [ RunTime:0.001258s ]
INFO: [ app_begin ] --END-- [ RunTime:0.001384s ]
SQL: SHOW COLUMNS FROM `p_user` [ RunTime:0.0027s ]
SQL: SELECT * FROM `p_user` WHERE `name` = 'admin2'  [ RunTime:0.0003s ]
SQL: SHOW COLUMNS FROM `p_product` [ RunTime:0.0035s ]
NOTIC: [8] Undefined index: type D:\WWW\dev\register\Application\Admin\Controller\IndexController.class.php 第 69 行.
NOTIC: [8] Undefined variable: condtion D:\WWW\dev\register\Application\Admin\Controller\IndexController.class.php 第 73 行.
SQL: SELECT * FROM `p_product` ORDER BY id asc  [ RunTime:0.0008s ]
INFO: [ view_parse ] --START--
INFO: [ template_filter ] --START--
INFO: Run Behavior\ContentReplaceBehavior [ RunTime:0.000118s ]
INFO: [ template_filter ] --END-- [ RunTime:0.000174s ]
NOTIC: [8] Undefined variable: fenye D:\WWW\dev\register\Application\Runtime\Cache\Admin\b57a1317d549542c46326456710c5e25.php 第 207 行.
INFO: Run Behavior\ParseTemplateBehavior [ RunTime:0.012942s ]
INFO: [ view_parse ] --END-- [ RunTime:0.013036s ]
INFO: [ view_filter ] --START--
INFO: Run Behavior\WriteHtmlCacheBehavior [ RunTime:0.000580s ]
INFO: [ view_filter ] --END-- [ RunTime:0.000655s ]
INFO: [ app_end ] --START--
INFO: Run Behavior\ShowPageTraceBehavior [ RunTime:0.000906s ]
INFO: [ app_end ] --END-- [ RunTime:0.000995s ]

[ 2017-07-26T21:16:05+08:00 ] ::1 /index.php/Admin/Index/productlist
INFO: [ app_init ] --START--
INFO: Run Behavior\BuildLiteBehavior [ RunTime:0.000015s ]
INFO: [ app_init ] --END-- [ RunTime:0.000421s ]
INFO: [ app_begin ] --START--
INFO: Run Behavior\ReadHtmlCacheBehavior [ RunTime:0.000745s ]
INFO: [ app_begin ] --END-- [ RunTime:0.000822s ]
SQL: SHOW COLUMNS FROM `p_user` [ RunTime:0.0033s ]
SQL: SELECT * FROM `p_user` WHERE `name` = 'admin2'  [ RunTime:0.0006s ]
SQL: SHOW COLUMNS FROM `p_product` [ RunTime:0.0026s ]
NOTIC: [8] Undefined index: type D:\WWW\dev\register\Application\Admin\Controller\IndexController.class.php 第 69 行.
NOTIC: [8] Undefined variable: condtion D:\WWW\dev\register\Application\Admin\Controller\IndexController.class.php 第 73 行.
SQL: SELECT * FROM `p_product` ORDER BY id asc  [ RunTime:0.0005s ]
INFO: [ view_parse ] --START--
INFO: [ template_filter ] --START--
INFO: Run Behavior\ContentReplaceBehavior [ RunTime:0.000136s ]
INFO: [ template_filter ] --END-- [ RunTime:0.000204s ]
NOTIC: [8] Undefined variable: fenye D:\WWW\dev\register\Application\Runtime\Cache\Admin\b57a1317d549542c46326456710c5e25.php 第 207 行.
INFO: Run Behavior\ParseTemplateBehavior [ RunTime:0.012342s ]
INFO: [ view_parse ] --END-- [ RunTime:0.012406s ]
INFO: [ view_filter ] --START--
INFO: Run Behavior\WriteHtmlCacheBehavior [ RunTime:0.000207s ]
INFO: [ view_filter ] --END-- [ RunTime:0.000246s ]
INFO: [ app_end ] --START--
INFO: Run Behavior\ShowPageTraceBehavior [ RunTime:0.000498s ]
INFO: [ app_end ] --END-- [ RunTime:0.000551s ]

[ 2017-07-26T21:17:33+08:00 ] ::1 /index.php/admin/User/logOut
INFO: [ app_init ] --START--
INFO: Run Behavior\BuildLiteBehavior [ RunTime:0.000014s ]
INFO: [ app_init ] --END-- [ RunTime:0.000346s ]
INFO: [ app_begin ] --START--
INFO: Run Behavior\ReadHtmlCacheBehavior [ RunTime:0.000434s ]
INFO: [ app_begin ] --END-- [ RunTime:0.000486s ]
INFO: [ app_end ] --START--
INFO: Run Behavior\ShowPageTraceBehavior [ RunTime:0.000453s ]
INFO: [ app_end ] --END-- [ RunTime:0.000513s ]

[ 2017-07-26T21:17:33+08:00 ] ::1 /index.php/Admin/User/login
INFO: [ app_init ] --START--
INFO: Run Behavior\BuildLiteBehavior [ RunTime:0.000022s ]
INFO: [ app_init ] --END-- [ RunTime:0.000622s ]
INFO: [ app_begin ] --START--
INFO: Run Behavior\ReadHtmlCacheBehavior [ RunTime:0.001208s ]
INFO: [ app_begin ] --END-- [ RunTime:0.001366s ]
INFO: [ view_parse ] --START--
INFO: [ template_filter ] --START--
INFO: Run Behavior\ContentReplaceBehavior [ RunTime:0.000060s ]
INFO: [ template_filter ] --END-- [ RunTime:0.000126s ]
INFO: Run Behavior\ParseTemplateBehavior [ RunTime:0.005273s ]
INFO: [ view_parse ] --END-- [ RunTime:0.005328s ]
INFO: [ view_filter ] --START--
INFO: Run Behavior\WriteHtmlCacheBehavior [ RunTime:0.000191s ]
INFO: [ view_filter ] --END-- [ RunTime:0.000230s ]
INFO: [ app_end ] --START--
INFO: Run Behavior\ShowPageTraceBehavior [ RunTime:0.000445s ]
INFO: [ app_end ] --END-- [ RunTime:0.000496s ]

[ 2017-07-26T21:17:35+08:00 ] ::1 /index.php/Admin/User/login
INFO: [ app_init ] --START--
INFO: Run Behavior\BuildLiteBehavior [ RunTime:0.000014s ]
INFO: [ app_init ] --END-- [ RunTime:0.000333s ]
INFO: [ app_begin ] --START--
INFO: Run Behavior\ReadHtmlCacheBehavior [ RunTime:0.000435s ]
INFO: [ app_begin ] --END-- [ RunTime:0.000490s ]
SQL: SHOW COLUMNS FROM `p_user` [ RunTime:0.0026s ]
SQL: SELECT * FROM `p_user` WHERE `name` = 'admin' AND `password` = '123asd'  [ RunTime:0.0003s ]
INFO: [ view_parse ] --START--
INFO: [ template_filter ] --START--
INFO: Run Behavior\ContentReplaceBehavior [ RunTime:0.000062s ]
INFO: [ template_filter ] --END-- [ RunTime:0.000119s ]
INFO: Run Behavior\ParseTemplateBehavior [ RunTime:0.005739s ]
INFO: [ view_parse ] --END-- [ RunTime:0.005794s ]
INFO: [ view_filter ] --START--
INFO: Run Behavior\WriteHtmlCacheBehavior [ RunTime:0.000191s ]
INFO: [ view_filter ] --END-- [ RunTime:0.000229s ]
INFO: [ app_end ] --START--
INFO: Run Behavior\ShowPageTraceBehavior [ RunTime:0.000463s ]
INFO: [ app_end ] --END-- [ RunTime:0.000506s ]

[ 2017-07-26T21:17:35+08:00 ] ::1 /index.php/Admin/Index/productlist
INFO: [ app_init ] --START--
INFO: Run Behavior\BuildLiteBehavior [ RunTime:0.000016s ]
INFO: [ app_init ] --END-- [ RunTime:0.000399s ]
INFO: [ app_begin ] --START--
INFO: Run Behavior\ReadHtmlCacheBehavior [ RunTime:0.000787s ]
INFO: [ app_begin ] --END-- [ RunTime:0.000887s ]
SQL: SHOW COLUMNS FROM `p_user` [ RunTime:0.0024s ]
SQL: SELECT * FROM `p_user` WHERE `name` = 'admin'  [ RunTime:0.0003s ]
SQL: SHOW COLUMNS FROM `p_product` [ RunTime:0.0029s ]
NOTIC: [8] Undefined index: type D:\WWW\dev\register\Application\Admin\Controller\IndexController.class.php 第 69 行.
NOTIC: [8] Undefined variable: condtion D:\WWW\dev\register\Application\Admin\Controller\IndexController.class.php 第 73 行.
SQL: SELECT * FROM `p_product` ORDER BY id asc  [ RunTime:0.0005s ]
INFO: [ view_parse ] --START--
INFO: [ template_filter ] --START--
INFO: Run Behavior\ContentReplaceBehavior [ RunTime:0.000119s ]
INFO: [ template_filter ] --END-- [ RunTime:0.000180s ]
NOTIC: [8] Undefined variable: fenye D:\WWW\dev\register\Application\Runtime\Cache\Admin\b57a1317d549542c46326456710c5e25.php 第 207 行.
INFO: Run Behavior\ParseTemplateBehavior [ RunTime:0.011691s ]
INFO: [ view_parse ] --END-- [ RunTime:0.011772s ]
INFO: [ view_filter ] --START--
INFO: Run Behavior\WriteHtmlCacheBehavior [ RunTime:0.000301s ]
INFO: [ view_filter ] --END-- [ RunTime:0.000365s ]
INFO: [ app_end ] --START--
INFO: Run Behavior\ShowPageTraceBehavior [ RunTime:0.000948s ]
INFO: [ app_end ] --END-- [ RunTime:0.001046s ]

[ 2017-07-26T21:17:40+08:00 ] ::1 /index.php/Admin/Menber/select
INFO: [ app_init ] --START--
INFO: Run Behavior\BuildLiteBehavior [ RunTime:0.000014s ]
INFO: [ app_init ] --END-- [ RunTime:0.000353s ]
INFO: [ app_begin ] --START--
INFO: Run Behavior\ReadHtmlCacheBehavior [ RunTime:0.000435s ]
INFO: [ app_begin ] --END-- [ RunTime:0.000524s ]
SQL: SHOW COLUMNS FROM `p_user` [ RunTime:0.0027s ]
SQL: SELECT * FROM `p_user` WHERE `name` = 'admin'  [ RunTime:0.0004s ]
SQL: SHOW COLUMNS FROM `p_menber` [ RunTime:0.0764s ]
NOTIC: [8] Undefined index: name D:\WWW\dev\register\Application\Admin\Controller\MenberController.class.php 第 7 行.
SQL: SELECT * FROM `p_menber`  [ RunTime:0.0121s ]
INFO: [ view_parse ] --START--
INFO: [ template_filter ] --START--
INFO: Run Behavior\ContentReplaceBehavior [ RunTime:0.000341s ]
INFO: [ template_filter ] --END-- [ RunTime:0.000533s ]
INFO: Run Behavior\ParseTemplateBehavior [ RunTime:0.055826s ]
INFO: [ view_parse ] --END-- [ RunTime:0.055957s ]
INFO: [ view_filter ] --START--
INFO: Run Behavior\WriteHtmlCacheBehavior [ RunTime:0.000267s ]
INFO: [ view_filter ] --END-- [ RunTime:0.000321s ]
INFO: [ app_end ] --START--
INFO: Run Behavior\ShowPageTraceBehavior [ RunTime:0.000621s ]
INFO: [ app_end ] --END-- [ RunTime:0.000679s ]

[ 2017-07-26T21:18:03+08:00 ] ::1 /index.php/Admin/Menber/select
INFO: [ app_init ] --START--
INFO: Run Behavior\BuildLiteBehavior [ RunTime:0.000022s ]
INFO: [ app_init ] --END-- [ RunTime:0.000534s ]
INFO: [ app_begin ] --START--
INFO: Run Behavior\ReadHtmlCacheBehavior [ RunTime:0.000620s ]
INFO: [ app_begin ] --END-- [ RunTime:0.000683s ]
SQL: SHOW COLUMNS FROM `p_user` [ RunTime:0.0029s ]
SQL: SELECT * FROM `p_user` WHERE `name` = 'admin'  [ RunTime:0.0004s ]
SQL: SHOW COLUMNS FROM `p_menber` [ RunTime:0.0035s ]
NOTIC: [8] Undefined index: name D:\WWW\dev\register\Application\Admin\Controller\MenberController.class.php 第 7 行.
SQL: SELECT * FROM `p_menber`  [ RunTime:0.0006s ]
INFO: [ view_parse ] --START--
INFO: [ template_filter ] --START--
INFO: Run Behavior\ContentReplaceBehavior [ RunTime:0.000147s ]
INFO: [ template_filter ] --END-- [ RunTime:0.000223s ]
INFO: Run Behavior\ParseTemplateBehavior [ RunTime:0.013280s ]
INFO: [ view_parse ] --END-- [ RunTime:0.013362s ]
INFO: [ view_filter ] --START--
INFO: Run Behavior\WriteHtmlCacheBehavior [ RunTime:0.000490s ]
INFO: [ view_filter ] --END-- [ RunTime:0.000551s ]
INFO: [ app_end ] --START--
INFO: Run Behavior\ShowPageTraceBehavior [ RunTime:0.000852s ]
INFO: [ app_end ] --END-- [ RunTime:0.000932s ]

[ 2017-07-26T21:20:28+08:00 ] ::1 /index.php/Admin/Menber/select
INFO: [ app_init ] --START--
INFO: Run Behavior\BuildLiteBehavior [ RunTime:0.000014s ]
INFO: [ app_init ] --END-- [ RunTime:0.000474s ]
INFO: [ app_begin ] --START--
INFO: Run Behavior\ReadHtmlCacheBehavior [ RunTime:0.000559s ]
INFO: [ app_begin ] --END-- [ RunTime:0.000636s ]
SQL: SHOW COLUMNS FROM `p_user` [ RunTime:0.0028s ]
SQL: SELECT * FROM `p_user` WHERE `name` = 'admin'  [ RunTime:0.0004s ]
SQL: SHOW COLUMNS FROM `p_menber` [ RunTime:0.0027s ]
NOTIC: [8] Undefined index: name D:\WWW\dev\register\Application\Admin\Controller\MenberController.class.php 第 7 行.
SQL: SELECT * FROM `p_menber`  [ RunTime:0.0004s ]
INFO: [ view_parse ] --START--
INFO: [ template_filter ] --START--
INFO: Run Behavior\ContentReplaceBehavior [ RunTime:0.000123s ]
INFO: [ template_filter ] --END-- [ RunTime:0.000182s ]
INFO: Run Behavior\ParseTemplateBehavior [ RunTime:0.024226s ]
INFO: [ view_parse ] --END-- [ RunTime:0.024290s ]
INFO: [ view_filter ] --START--
INFO: Run Behavior\WriteHtmlCacheBehavior [ RunTime:0.000379s ]
INFO: [ view_filter ] --END-- [ RunTime:0.000426s ]
INFO: [ app_end ] --START--
INFO: Run Behavior\ShowPageTraceBehavior [ RunTime:0.000883s ]
INFO: [ app_end ] --END-- [ RunTime:0.000962s ]

[ 2017-07-26T21:20:43+08:00 ] ::1 /index.php/Admin/Menber/select
INFO: [ app_init ] --START--
INFO: Run Behavior\BuildLiteBehavior [ RunTime:0.000029s ]
INFO: [ app_init ] --END-- [ RunTime:0.000690s ]
INFO: [ app_begin ] --START--
INFO: Run Behavior\ReadHtmlCacheBehavior [ RunTime:0.000715s ]
INFO: [ app_begin ] --END-- [ RunTime:0.000812s ]
SQL: SHOW COLUMNS FROM `p_user` [ RunTime:0.0029s ]
SQL: SELECT * FROM `p_user` WHERE `name` = 'admin'  [ RunTime:0.0003s ]
SQL: SHOW COLUMNS FROM `p_menber` [ RunTime:0.0038s ]
NOTIC: [8] Undefined index: name D:\WWW\dev\register\Application\Admin\Controller\MenberController.class.php 第 7 行.
SQL: SELECT * FROM `p_menber`  [ RunTime:0.0005s ]
INFO: [ view_parse ] --START--
INFO: [ template_filter ] --START--
INFO: Run Behavior\ContentReplaceBehavior [ RunTime:0.000109s ]
INFO: [ template_filter ] --END-- [ RunTime:0.000168s ]
INFO: Run Behavior\ParseTemplateBehavior [ RunTime:0.011103s ]
INFO: [ view_parse ] --END-- [ RunTime:0.011164s ]
INFO: [ view_filter ] --START--
INFO: Run Behavior\WriteHtmlCacheBehavior [ RunTime:0.000202s ]
INFO: [ view_filter ] --END-- [ RunTime:0.000244s ]
INFO: [ app_end ] --START--
INFO: Run Behavior\ShowPageTraceBehavior [ RunTime:0.000633s ]
INFO: [ app_end ] --END-- [ RunTime:0.000705s ]

[ 2017-07-26T21:20:45+08:00 ] ::1 /index.php/Admin/Menber/editUser/uid/1
INFO: [ app_init ] --START--
INFO: Run Behavior\BuildLiteBehavior [ RunTime:0.000012s ]
INFO: [ app_init ] --END-- [ RunTime:0.000325s ]
INFO: [ app_begin ] --START--
INFO: Run Behavior\ReadHtmlCacheBehavior [ RunTime:0.000700s ]
INFO: [ app_begin ] --END-- [ RunTime:0.000939s ]
SQL: SHOW COLUMNS FROM `p_user` [ RunTime:0.0028s ]
SQL: SELECT * FROM `p_user` WHERE `name` = 'admin'  [ RunTime:0.0004s ]
SQL: SHOW COLUMNS FROM `p_menber` [ RunTime:0.0028s ]
NOTIC: [8] Undefined index: name D:\WWW\dev\register\Application\Admin\Controller\MenberController.class.php 第 189 行.
SQL: SELECT * FROM `p_menber` WHERE `uid` = 1  [ RunTime:0.0005s ]
INFO: [ view_parse ] --START--
INFO: [ template_filter ] --START--
INFO: Run Behavior\ContentReplaceBehavior [ RunTime:0.000113s ]
INFO: [ template_filter ] --END-- [ RunTime:0.000183s ]
INFO: Run Behavior\ParseTemplateBehavior [ RunTime:0.033837s ]
INFO: [ view_parse ] --END-- [ RunTime:0.033943s ]
INFO: [ view_filter ] --START--
INFO: Run Behavior\WriteHtmlCacheBehavior [ RunTime:0.000307s ]
INFO: [ view_filter ] --END-- [ RunTime:0.000362s ]
INFO: [ app_end ] --START--
INFO: Run Behavior\ShowPageTraceBehavior [ RunTime:0.001874s ]
INFO: [ app_end ] --END-- [ RunTime:0.001980s ]

[ 2017-07-26T21:21:47+08:00 ] ::1 /index.php/Admin/Index/select
INFO: [ app_init ] --START--
INFO: Run Behavior\BuildLiteBehavior [ RunTime:0.000015s ]
INFO: [ app_init ] --END-- [ RunTime:0.000357s ]
INFO: [ app_begin ] --START--
INFO: Run Behavior\ReadHtmlCacheBehavior [ RunTime:0.000424s ]
INFO: [ app_begin ] --END-- [ RunTime:0.000474s ]
SQL: SHOW COLUMNS FROM `p_user` [ RunTime:0.0035s ]
SQL: SELECT * FROM `p_user` WHERE `name` = 'admin'  [ RunTime:0.0004s ]
SQL: SHOW COLUMNS FROM `p_orderlog` [ RunTime:0.2991s ]
NOTIC: [8] Undefined index: type D:\WWW\dev\register\Application\Admin\Controller\IndexController.class.php 第 156 行.
NOTIC: [8] Undefined index: uid D:\WWW\dev\register\Application\Admin\Controller\IndexController.class.php 第 160 行.
NOTIC: [8] Undefined index: orderid D:\WWW\dev\register\Application\Admin\Controller\IndexController.class.php 第 163 行.
NOTIC: [8] Undefined variable: map D:\WWW\dev\register\Application\Admin\Controller\IndexController.class.php 第 166 行.
SQL: SELECT * FROM `p_orderlog`  [ RunTime:0.0130s ]
INFO: [ view_parse ] --START--
INFO: [ template_filter ] --START--
INFO: Run Behavior\ContentReplaceBehavior [ RunTime:0.000473s ]
INFO: [ template_filter ] --END-- [ RunTime:0.000696s ]
NOTIC: [8] Undefined index: state D:\WWW\dev\register\Application\Runtime\Cache\Admin\8aacb4bacc5323aefb881fa5bf623748.php 第 178 行.
NOTIC: [8] Undefined index: state D:\WWW\dev\register\Application\Runtime\Cache\Admin\8aacb4bacc5323aefb881fa5bf623748.php 第 178 行.
NOTIC: [8] Undefined index: state D:\WWW\dev\register\Application\Runtime\Cache\Admin\8aacb4bacc5323aefb881fa5bf623748.php 第 178 行.
NOTIC: [8] Undefined index: state D:\WWW\dev\register\Application\Runtime\Cache\Admin\8aacb4bacc5323aefb881fa5bf623748.php 第 178 行.
NOTIC: [8] Undefined index: state D:\WWW\dev\register\Application\Runtime\Cache\Admin\8aacb4bacc5323aefb881fa5bf623748.php 第 178 行.
NOTIC: [8] Undefined index: state D:\WWW\dev\register\Application\Runtime\Cache\Admin\8aacb4bacc5323aefb881fa5bf623748.php 第 178 行.
NOTIC: [8] Undefined index: state D:\WWW\dev\register\Application\Runtime\Cache\Admin\8aacb4bacc5323aefb881fa5bf623748.php 第 178 行.
NOTIC: [8] Undefined index: state D:\WWW\dev\register\Application\Runtime\Cache\Admin\8aacb4bacc5323aefb881fa5bf623748.php 第 178 行.
NOTIC: [8] Undefined index: state D:\WWW\dev\register\Application\Runtime\Cache\Admin\8aacb4bacc5323aefb881fa5bf623748.php 第 178 行.
NOTIC: [8] Undefined index: state D:\WWW\dev\register\Application\Runtime\Cache\Admin\8aacb4bacc5323aefb881fa5bf623748.php 第 178 行.
NOTIC: [8] Undefined index: state D:\WWW\dev\register\Application\Runtime\Cache\Admin\8aacb4bacc5323aefb881fa5bf623748.php 第 178 行.
NOTIC: [8] Undefined index: state D:\WWW\dev\register\Application\Runtime\Cache\Admin\8aacb4bacc5323aefb881fa5bf623748.php 第 178 行.
NOTIC: [8] Undefined index: state D:\WWW\dev\register\Application\Runtime\Cache\Admin\8aacb4bacc5323aefb881fa5bf623748.php 第 178 行.
NOTIC: [8] Undefined index: state D:\WWW\dev\register\Application\Runtime\Cache\Admin\8aacb4bacc5323aefb881fa5bf623748.php 第 178 行.
NOTIC: [8] Undefined index: state D:\WWW\dev\register\Application\Runtime\Cache\Admin\8aacb4bacc5323aefb881fa5bf623748.php 第 178 行.
NOTIC: [8] Undefined index: state D:\WWW\dev\register\Application\Runtime\Cache\Admin\8aacb4bacc5323aefb881fa5bf623748.php 第 178 行.
NOTIC: [8] Undefined index: state D:\WWW\dev\register\Application\Runtime\Cache\Admin\8aacb4bacc5323aefb881fa5bf623748.php 第 178 行.
INFO: Run Behavior\ParseTemplateBehavior [ RunTime:0.044368s ]
INFO: [ view_parse ] --END-- [ RunTime:0.044537s ]
INFO: [ view_filter ] --START--
INFO: Run Behavior\WriteHtmlCacheBehavior [ RunTime:0.000562s ]
INFO: [ view_filter ] --END-- [ RunTime:0.000669s ]
INFO: [ app_end ] --START--
INFO: Run Behavior\ShowPageTraceBehavior [ RunTime:0.001368s ]
INFO: [ app_end ] --END-- [ RunTime:0.001507s ]

[ 2017-07-26T21:21:48+08:00 ] ::1 /index.php/Admin/Index/select
INFO: [ app_init ] --START--
INFO: Run Behavior\BuildLiteBehavior [ RunTime:0.000019s ]
INFO: [ app_init ] --END-- [ RunTime:0.000479s ]
INFO: [ app_begin ] --START--
INFO: Run Behavior\ReadHtmlCacheBehavior [ RunTime:0.000600s ]
INFO: [ app_begin ] --END-- [ RunTime:0.000672s ]
SQL: SHOW COLUMNS FROM `p_user` [ RunTime:0.0033s ]
SQL: SELECT * FROM `p_user` WHERE `name` = 'admin'  [ RunTime:0.0003s ]
SQL: SHOW COLUMNS FROM `p_orderlog` [ RunTime:0.0027s ]
NOTIC: [8] Undefined index: type D:\WWW\dev\register\Application\Admin\Controller\IndexController.class.php 第 156 行.
NOTIC: [8] Undefined index: uid D:\WWW\dev\register\Application\Admin\Controller\IndexController.class.php 第 160 行.
NOTIC: [8] Undefined index: orderid D:\WWW\dev\register\Application\Admin\Controller\IndexController.class.php 第 163 行.
NOTIC: [8] Undefined variable: map D:\WWW\dev\register\Application\Admin\Controller\IndexController.class.php 第 166 行.
SQL: SELECT * FROM `p_orderlog`  [ RunTime:0.0004s ]
INFO: [ view_parse ] --START--
INFO: [ template_filter ] --START--
INFO: Run Behavior\ContentReplaceBehavior [ RunTime:0.000135s ]
INFO: [ template_filter ] --END-- [ RunTime:0.000200s ]
NOTIC: [8] Undefined index: state D:\WWW\dev\register\Application\Runtime\Cache\Admin\8aacb4bacc5323aefb881fa5bf623748.php 第 178 行.
NOTIC: [8] Undefined index: state D:\WWW\dev\register\Application\Runtime\Cache\Admin\8aacb4bacc5323aefb881fa5bf623748.php 第 178 行.
NOTIC: [8] Undefined index: state D:\WWW\dev\register\Application\Runtime\Cache\Admin\8aacb4bacc5323aefb881fa5bf623748.php 第 178 行.
NOTIC: [8] Undefined index: state D:\WWW\dev\register\Application\Runtime\Cache\Admin\8aacb4bacc5323aefb881fa5bf623748.php 第 178 行.
NOTIC: [8] Undefined index: state D:\WWW\dev\register\Application\Runtime\Cache\Admin\8aacb4bacc5323aefb881fa5bf623748.php 第 178 行.
NOTIC: [8] Undefined index: state D:\WWW\dev\register\Application\Runtime\Cache\Admin\8aacb4bacc5323aefb881fa5bf623748.php 第 178 行.
NOTIC: [8] Undefined index: state D:\WWW\dev\register\Application\Runtime\Cache\Admin\8aacb4bacc5323aefb881fa5bf623748.php 第 178 行.
NOTIC: [8] Undefined index: state D:\WWW\dev\register\Application\Runtime\Cache\Admin\8aacb4bacc5323aefb881fa5bf623748.php 第 178 行.
NOTIC: [8] Undefined index: state D:\WWW\dev\register\Application\Runtime\Cache\Admin\8aacb4bacc5323aefb881fa5bf623748.php 第 178 行.
NOTIC: [8] Undefined index: state D:\WWW\dev\register\Application\Runtime\Cache\Admin\8aacb4bacc5323aefb881fa5bf623748.php 第 178 行.
NOTIC: [8] Undefined index: state D:\WWW\dev\register\Application\Runtime\Cache\Admin\8aacb4bacc5323aefb881fa5bf623748.php 第 178 行.
NOTIC: [8] Undefined index: state D:\WWW\dev\register\Application\Runtime\Cache\Admin\8aacb4bacc5323aefb881fa5bf623748.php 第 178 行.
NOTIC: [8] Undefined index: state D:\WWW\dev\register\Application\Runtime\Cache\Admin\8aacb4bacc5323aefb881fa5bf623748.php 第 178 行.
NOTIC: [8] Undefined index: state D:\WWW\dev\register\Application\Runtime\Cache\Admin\8aacb4bacc5323aefb881fa5bf623748.php 第 178 行.
NOTIC: [8] Undefined index: state D:\WWW\dev\register\Application\Runtime\Cache\Admin\8aacb4bacc5323aefb881fa5bf623748.php 第 178 行.
NOTIC: [8] Undefined index: state D:\WWW\dev\register\Application\Runtime\Cache\Admin\8aacb4bacc5323aefb881fa5bf623748.php 第 178 行.
NOTIC: [8] Undefined index: state D:\WWW\dev\register\Application\Runtime\Cache\Admin\8aacb4bacc5323aefb881fa5bf623748.php 第 178 行.
INFO: Run Behavior\ParseTemplateBehavior [ RunTime:0.013023s ]
INFO: [ view_parse ] --END-- [ RunTime:0.013096s ]
INFO: [ view_filter ] --START--
INFO: Run Behavior\WriteHtmlCacheBehavior [ RunTime:0.000271s ]
INFO: [ view_filter ] --END-- [ RunTime:0.000325s ]
INFO: [ app_end ] --START--
INFO: Run Behavior\ShowPageTraceBehavior [ RunTime:0.000589s ]
INFO: [ app_end ] --END-- [ RunTime:0.000657s ]

[ 2017-07-26T21:21:52+08:00 ] ::1 /index.php/Admin/Index/select?orderid=&productid=&uid=&state=1
INFO: [ app_init ] --START--
INFO: Run Behavior\BuildLiteBehavior [ RunTime:0.000014s ]
INFO: [ app_init ] --END-- [ RunTime:0.000329s ]
INFO: [ app_begin ] --START--
INFO: Run Behavior\ReadHtmlCacheBehavior [ RunTime:0.000403s ]
INFO: [ app_begin ] --END-- [ RunTime:0.000453s ]
SQL: SHOW COLUMNS FROM `p_user` [ RunTime:0.0026s ]
SQL: SELECT * FROM `p_user` WHERE `name` = 'admin'  [ RunTime:0.0004s ]
SQL: SHOW COLUMNS FROM `p_orderlog` [ RunTime:0.0027s ]
NOTIC: [8] Undefined index: type D:\WWW\dev\register\Application\Admin\Controller\IndexController.class.php 第 156 行.
NOTIC: [8] Undefined variable: map D:\WWW\dev\register\Application\Admin\Controller\IndexController.class.php 第 166 行.
SQL: SELECT * FROM `p_orderlog`  [ RunTime:0.0004s ]
INFO: [ view_parse ] --START--
INFO: [ template_filter ] --START--
INFO: Run Behavior\ContentReplaceBehavior [ RunTime:0.000143s ]
INFO: [ template_filter ] --END-- [ RunTime:0.000214s ]
NOTIC: [8] Undefined index: state D:\WWW\dev\register\Application\Runtime\Cache\Admin\8aacb4bacc5323aefb881fa5bf623748.php 第 178 行.
NOTIC: [8] Undefined index: state D:\WWW\dev\register\Application\Runtime\Cache\Admin\8aacb4bacc5323aefb881fa5bf623748.php 第 178 行.
NOTIC: [8] Undefined index: state D:\WWW\dev\register\Application\Runtime\Cache\Admin\8aacb4bacc5323aefb881fa5bf623748.php 第 178 行.
NOTIC: [8] Undefined index: state D:\WWW\dev\register\Application\Runtime\Cache\Admin\8aacb4bacc5323aefb881fa5bf623748.php 第 178 行.
NOTIC: [8] Undefined index: state D:\WWW\dev\register\Application\Runtime\Cache\Admin\8aacb4bacc5323aefb881fa5bf623748.php 第 178 行.
NOTIC: [8] Undefined index: state D:\WWW\dev\register\Application\Runtime\Cache\Admin\8aacb4bacc5323aefb881fa5bf623748.php 第 178 行.
NOTIC: [8] Undefined index: state D:\WWW\dev\register\Application\Runtime\Cache\Admin\8aacb4bacc5323aefb881fa5bf623748.php 第 178 行.
NOTIC: [8] Undefined index: state D:\WWW\dev\register\Application\Runtime\Cache\Admin\8aacb4bacc5323aefb881fa5bf623748.php 第 178 行.
NOTIC: [8] Undefined index: state D:\WWW\dev\register\Application\Runtime\Cache\Admin\8aacb4bacc5323aefb881fa5bf623748.php 第 178 行.
NOTIC: [8] Undefined index: state D:\WWW\dev\register\Application\Runtime\Cache\Admin\8aacb4bacc5323aefb881fa5bf623748.php 第 178 行.
NOTIC: [8] Undefined index: state D:\WWW\dev\register\Application\Runtime\Cache\Admin\8aacb4bacc5323aefb881fa5bf623748.php 第 178 行.
NOTIC: [8] Undefined index: state D:\WWW\dev\register\Application\Runtime\Cache\Admin\8aacb4bacc5323aefb881fa5bf623748.php 第 178 行.
NOTIC: [8] Undefined index: state D:\WWW\dev\register\Application\Runtime\Cache\Admin\8aacb4bacc5323aefb881fa5bf623748.php 第 178 行.
NOTIC: [8] Undefined index: state D:\WWW\dev\register\Application\Runtime\Cache\Admin\8aacb4bacc5323aefb881fa5bf623748.php 第 178 行.
NOTIC: [8] Undefined index: state D:\WWW\dev\register\Application\Runtime\Cache\Admin\8aacb4bacc5323aefb881fa5bf623748.php 第 178 行.
NOTIC: [8] Undefined index: state D:\WWW\dev\register\Application\Runtime\Cache\Admin\8aacb4bacc5323aefb881fa5bf623748.php 第 178 行.
NOTIC: [8] Undefined index: state D:\WWW\dev\register\Application\Runtime\Cache\Admin\8aacb4bacc5323aefb881fa5bf623748.php 第 178 行.
INFO: Run Behavior\ParseTemplateBehavior [ RunTime:0.012193s ]
INFO: [ view_parse ] --END-- [ RunTime:0.012263s ]
INFO: [ view_filter ] --START--
INFO: Run Behavior\WriteHtmlCacheBehavior [ RunTime:0.000199s ]
INFO: [ view_filter ] --END-- [ RunTime:0.000239s ]
INFO: [ app_end ] --START--
INFO: Run Behavior\ShowPageTraceBehavior [ RunTime:0.000516s ]
INFO: [ app_end ] --END-- [ RunTime:0.000562s ]

[ 2017-07-26T21:22:03+08:00 ] ::1 /index.php/Admin/Menber/usermessage
INFO: [ app_init ] --START--
INFO: Run Behavior\BuildLiteBehavior [ RunTime:0.000015s ]
INFO: [ app_init ] --END-- [ RunTime:0.000338s ]
INFO: [ app_begin ] --START--
INFO: Run Behavior\ReadHtmlCacheBehavior [ RunTime:0.000608s ]
INFO: [ app_begin ] --END-- [ RunTime:0.000693s ]
SQL: SHOW COLUMNS FROM `p_user` [ RunTime:0.0029s ]
SQL: SELECT * FROM `p_user` WHERE `name` = 'admin'  [ RunTime:0.0003s ]
SQL: SHOW COLUMNS FROM `p_incomelog` [ RunTime:0.0341s ]
NOTIC: [8] Undefined index: uid D:\WWW\dev\register\Application\Admin\Controller\MenberController.class.php 第 57 行.
NOTIC: [8] Undefined index: type D:\WWW\dev\register\Application\Admin\Controller\MenberController.class.php 第 60 行.
NOTIC: [8] Undefined index: mindate D:\WWW\dev\register\Application\Admin\Controller\MenberController.class.php 第 63 行.
NOTIC: [8] Undefined variable: map D:\WWW\dev\register\Application\Admin\Controller\MenberController.class.php 第 66 行.
SQL: SELECT * FROM `p_incomelog` ORDER BY id DESC  [ RunTime:0.0052s ]
INFO: [ view_parse ] --START--
INFO: [ template_filter ] --START--
INFO: Run Behavior\ContentReplaceBehavior [ RunTime:0.000133s ]
INFO: [ template_filter ] --END-- [ RunTime:0.000202s ]
INFO: Run Behavior\ParseTemplateBehavior [ RunTime:0.035130s ]
INFO: [ view_parse ] --END-- [ RunTime:0.035196s ]
INFO: [ view_filter ] --START--
INFO: Run Behavior\WriteHtmlCacheBehavior [ RunTime:0.000214s ]
INFO: [ view_filter ] --END-- [ RunTime:0.000255s ]
INFO: [ app_end ] --START--
INFO: Run Behavior\ShowPageTraceBehavior [ RunTime:0.000497s ]
INFO: [ app_end ] --END-- [ RunTime:0.000548s ]

[ 2017-07-26T21:22:09+08:00 ] ::1 /index.php/Admin/Menber/usermessage?uid=&mindate=&maxdate=&type=1
INFO: [ app_init ] --START--
INFO: Run Behavior\BuildLiteBehavior [ RunTime:0.000013s ]
INFO: [ app_init ] --END-- [ RunTime:0.000347s ]
INFO: [ app_begin ] --START--
INFO: Run Behavior\ReadHtmlCacheBehavior [ RunTime:0.000434s ]
INFO: [ app_begin ] --END-- [ RunTime:0.000484s ]
SQL: SHOW COLUMNS FROM `p_user` [ RunTime:0.0025s ]
SQL: SELECT * FROM `p_user` WHERE `name` = 'admin'  [ RunTime:0.0003s ]
SQL: SHOW COLUMNS FROM `p_incomelog` [ RunTime:0.0025s ]
SQL: SELECT * FROM `p_incomelog` WHERE `type` = 1 ORDER BY id DESC  [ RunTime:0.0004s ]
INFO: [ view_parse ] --START--
INFO: [ template_filter ] --START--
INFO: Run Behavior\ContentReplaceBehavior [ RunTime:0.000114s ]
INFO: [ template_filter ] --END-- [ RunTime:0.000170s ]
INFO: Run Behavior\ParseTemplateBehavior [ RunTime:0.010745s ]
INFO: [ view_parse ] --END-- [ RunTime:0.010872s ]
INFO: [ view_filter ] --START--
INFO: Run Behavior\WriteHtmlCacheBehavior [ RunTime:0.000194s ]
INFO: [ view_filter ] --END-- [ RunTime:0.000235s ]
INFO: [ app_end ] --START--
INFO: Run Behavior\ShowPageTraceBehavior [ RunTime:0.000447s ]
INFO: [ app_end ] --END-- [ RunTime:0.000489s ]

[ 2017-07-26T21:22:12+08:00 ] ::1 /index.php/Admin/Menber/usermessage?uid=&mindate=&maxdate=&type=2
INFO: [ app_init ] --START--
INFO: Run Behavior\BuildLiteBehavior [ RunTime:0.000013s ]
INFO: [ app_init ] --END-- [ RunTime:0.000355s ]
INFO: [ app_begin ] --START--
INFO: Run Behavior\ReadHtmlCacheBehavior [ RunTime:0.000405s ]
INFO: [ app_begin ] --END-- [ RunTime:0.000454s ]
SQL: SHOW COLUMNS FROM `p_user` [ RunTime:0.0029s ]
SQL: SELECT * FROM `p_user` WHERE `name` = 'admin'  [ RunTime:0.0004s ]
SQL: SHOW COLUMNS FROM `p_incomelog` [ RunTime:0.0026s ]
SQL: SELECT * FROM `p_incomelog` WHERE `type` = 2 ORDER BY id DESC  [ RunTime:0.0004s ]
INFO: [ view_parse ] --START--
INFO: [ template_filter ] --START--
INFO: Run Behavior\ContentReplaceBehavior [ RunTime:0.000105s ]
INFO: [ template_filter ] --END-- [ RunTime:0.000155s ]
INFO: Run Behavior\ParseTemplateBehavior [ RunTime:0.010148s ]
INFO: [ view_parse ] --END-- [ RunTime:0.010214s ]
INFO: [ view_filter ] --START--
INFO: Run Behavior\WriteHtmlCacheBehavior [ RunTime:0.000231s ]
INFO: [ view_filter ] --END-- [ RunTime:0.000279s ]
INFO: [ app_end ] --START--
INFO: Run Behavior\ShowPageTraceBehavior [ RunTime:0.001033s ]
INFO: [ app_end ] --END-- [ RunTime:0.001107s ]

[ 2017-07-26T21:22:16+08:00 ] ::1 /index.php/Admin/Menber/usermessage?uid=&mindate=&maxdate=&type=0
INFO: [ app_init ] --START--
INFO: Run Behavior\BuildLiteBehavior [ RunTime:0.000012s ]
INFO: [ app_init ] --END-- [ RunTime:0.000330s ]
INFO: [ app_begin ] --START--
INFO: Run Behavior\ReadHtmlCacheBehavior [ RunTime:0.000400s ]
INFO: [ app_begin ] --END-- [ RunTime:0.000449s ]
SQL: SHOW COLUMNS FROM `p_user` [ RunTime:0.0028s ]
SQL: SELECT * FROM `p_user` WHERE `name` = 'admin'  [ RunTime:0.0004s ]
SQL: SHOW COLUMNS FROM `p_incomelog` [ RunTime:0.0025s ]
NOTIC: [8] Undefined variable: map D:\WWW\dev\register\Application\Admin\Controller\MenberController.class.php 第 66 行.
SQL: SELECT * FROM `p_incomelog` ORDER BY id DESC  [ RunTime:0.0009s ]
INFO: [ view_parse ] --START--
INFO: [ template_filter ] --START--
INFO: Run Behavior\ContentReplaceBehavior [ RunTime:0.000111s ]
INFO: [ template_filter ] --END-- [ RunTime:0.000166s ]
INFO: Run Behavior\ParseTemplateBehavior [ RunTime:0.010524s ]
INFO: [ view_parse ] --END-- [ RunTime:0.010586s ]
INFO: [ view_filter ] --START--
INFO: Run Behavior\WriteHtmlCacheBehavior [ RunTime:0.000273s ]
INFO: [ view_filter ] --END-- [ RunTime:0.000330s ]
INFO: [ app_end ] --START--
INFO: Run Behavior\ShowPageTraceBehavior [ RunTime:0.000681s ]
INFO: [ app_end ] --END-- [ RunTime:0.000753s ]

[ 2017-07-26T21:22:31+08:00 ] ::1 /index.php/Admin/Menber/usermessage
INFO: [ app_init ] --START--
INFO: Run Behavior\BuildLiteBehavior [ RunTime:0.000014s ]
INFO: [ app_init ] --END-- [ RunTime:0.000476s ]
INFO: [ app_begin ] --START--
INFO: Run Behavior\ReadHtmlCacheBehavior [ RunTime:0.000557s ]
INFO: [ app_begin ] --END-- [ RunTime:0.000612s ]
SQL: SHOW COLUMNS FROM `p_user` [ RunTime:0.0029s ]
SQL: SELECT * FROM `p_user` WHERE `name` = 'admin'  [ RunTime:0.0003s ]
SQL: SHOW COLUMNS FROM `p_incomelog` [ RunTime:0.0024s ]
NOTIC: [8] Undefined index: uid D:\WWW\dev\register\Application\Admin\Controller\MenberController.class.php 第 57 行.
NOTIC: [8] Undefined index: type D:\WWW\dev\register\Application\Admin\Controller\MenberController.class.php 第 60 行.
NOTIC: [8] Undefined index: mindate D:\WWW\dev\register\Application\Admin\Controller\MenberController.class.php 第 63 行.
NOTIC: [8] Undefined variable: map D:\WWW\dev\register\Application\Admin\Controller\MenberController.class.php 第 66 行.
SQL: SELECT * FROM `p_incomelog` ORDER BY id DESC  [ RunTime:0.0008s ]
INFO: [ view_parse ] --START--
INFO: [ template_filter ] --START--
INFO: Run Behavior\ContentReplaceBehavior [ RunTime:0.000170s ]
INFO: [ template_filter ] --END-- [ RunTime:0.000248s ]
INFO: Run Behavior\ParseTemplateBehavior [ RunTime:0.012460s ]
INFO: [ view_parse ] --END-- [ RunTime:0.012521s ]
INFO: [ view_filter ] --START--
INFO: Run Behavior\WriteHtmlCacheBehavior [ RunTime:0.000356s ]
INFO: [ view_filter ] --END-- [ RunTime:0.000397s ]
INFO: [ app_end ] --START--
INFO: Run Behavior\ShowPageTraceBehavior [ RunTime:0.000712s ]
INFO: [ app_end ] --END-- [ RunTime:0.000776s ]

[ 2017-07-26T21:22:36+08:00 ] ::1 /index.php/Admin/Menber/select
INFO: [ app_init ] --START--
INFO: Run Behavior\BuildLiteBehavior [ RunTime:0.000016s ]
INFO: [ app_init ] --END-- [ RunTime:0.000501s ]
INFO: [ app_begin ] --START--
INFO: Run Behavior\ReadHtmlCacheBehavior [ RunTime:0.000447s ]
INFO: [ app_begin ] --END-- [ RunTime:0.000524s ]
SQL: SHOW COLUMNS FROM `p_user` [ RunTime:0.0033s ]
SQL: SELECT * FROM `p_user` WHERE `name` = 'admin'  [ RunTime:0.0004s ]
SQL: SHOW COLUMNS FROM `p_menber` [ RunTime:0.0031s ]
NOTIC: [8] Undefined index: name D:\WWW\dev\register\Application\Admin\Controller\MenberController.class.php 第 7 行.
SQL: SELECT * FROM `p_menber`  [ RunTime:0.0004s ]
INFO: [ view_parse ] --START--
INFO: [ template_filter ] --START--
INFO: Run Behavior\ContentReplaceBehavior [ RunTime:0.000137s ]
INFO: [ template_filter ] --END-- [ RunTime:0.000215s ]
INFO: Run Behavior\ParseTemplateBehavior [ RunTime:0.012565s ]
INFO: [ view_parse ] --END-- [ RunTime:0.012651s ]
INFO: [ view_filter ] --START--
INFO: Run Behavior\WriteHtmlCacheBehavior [ RunTime:0.000337s ]
INFO: [ view_filter ] --END-- [ RunTime:0.000403s ]
INFO: [ app_end ] --START--
INFO: Run Behavior\ShowPageTraceBehavior [ RunTime:0.000739s ]
INFO: [ app_end ] --END-- [ RunTime:0.000828s ]

[ 2017-07-26T21:26:57+08:00 ] ::1 /index.php/Admin/Menber/select
INFO: [ app_init ] --START--
INFO: Run Behavior\BuildLiteBehavior [ RunTime:0.000013s ]
INFO: [ app_init ] --END-- [ RunTime:0.000430s ]
INFO: [ app_begin ] --START--
INFO: Run Behavior\ReadHtmlCacheBehavior [ RunTime:0.000903s ]
INFO: [ app_begin ] --END-- [ RunTime:0.001077s ]
SQL: SHOW COLUMNS FROM `p_user` [ RunTime:0.0034s ]
SQL: SELECT * FROM `p_user` WHERE `name` = 'admin'  [ RunTime:0.0004s ]
SQL: SHOW COLUMNS FROM `p_menber` [ RunTime:0.0039s ]
NOTIC: [8] Undefined index: name D:\WWW\dev\register\Application\Admin\Controller\MenberController.class.php 第 7 行.
SQL: SELECT * FROM `p_menber`  [ RunTime:0.0005s ]

[ 2017-07-26T21:36:46+08:00 ] ::1 /index.php/Admin/Menber/select
INFO: [ app_init ] --START--
INFO: Run Behavior\BuildLiteBehavior [ RunTime:0.000014s ]
INFO: [ app_init ] --END-- [ RunTime:0.000455s ]
INFO: [ app_begin ] --START--
INFO: Run Behavior\ReadHtmlCacheBehavior [ RunTime:0.000565s ]
INFO: [ app_begin ] --END-- [ RunTime:0.000621s ]
SQL: SHOW COLUMNS FROM `p_user` [ RunTime:0.0040s ]
SQL: SELECT * FROM `p_user` WHERE `name` = 'admin'  [ RunTime:0.0004s ]
SQL: SHOW COLUMNS FROM `p_menber` [ RunTime:0.0027s ]
SQL: SHOW COLUMNS FROM `p_orderlog` [ RunTime:0.0028s ]
SQL: SHOW COLUMNS FROM `p_match` [ RunTime:0.0030s ]
NOTIC: [8] Undefined index: name D:\WWW\dev\register\Application\Admin\Controller\MenberController.class.php 第 9 行.
SQL: SELECT * FROM `p_menber`  [ RunTime:0.0004s ]
SQL: SELECT * FROM `p_orderlog` WHERE `logid` = 107  [ RunTime:0.0003s ]
SQL: SELECT * FROM `p_match` WHERE `uid` = 1 AND `state` = 2  [ RunTime:0.0003s ]
SQL: SELECT * FROM `p_orderlog` WHERE `userid` = 1 AND `type` = 2  [ RunTime:0.0003s ]
SQL: SELECT * FROM `p_orderlog` WHERE `logid` = 0  [ RunTime:0.0002s ]
NOTIC: [8] Undefined offset: 0 D:\WWW\dev\register\Application\Admin\Controller\MenberController.class.php 第 18 行.
SQL: SELECT * FROM `p_match` WHERE `uid` = 2 AND `state` = 2  [ RunTime:0.0004s ]
SQL: SELECT * FROM `p_orderlog` WHERE `userid` = 2 AND `type` = 2  [ RunTime:0.0003s ]
SQL: SELECT * FROM `p_orderlog` WHERE `logid` = 0  [ RunTime:0.0002s ]
NOTIC: [8] Undefined offset: 0 D:\WWW\dev\register\Application\Admin\Controller\MenberController.class.php 第 18 行.
SQL: SELECT * FROM `p_match` WHERE `uid` = 3 AND `state` = 2  [ RunTime:0.0002s ]
SQL: SELECT * FROM `p_orderlog` WHERE `userid` = 3 AND `type` = 2  [ RunTime:0.0002s ]
SQL: SELECT * FROM `p_orderlog` WHERE `logid` = 1  [ RunTime:0.0002s ]
NOTIC: [8] Undefined offset: 0 D:\WWW\dev\register\Application\Admin\Controller\MenberController.class.php 第 18 行.
SQL: SELECT * FROM `p_match` WHERE `uid` = 4 AND `state` = 2  [ RunTime:0.0002s ]
SQL: SELECT * FROM `p_orderlog` WHERE `userid` = 4 AND `type` = 2  [ RunTime:0.0002s ]
SQL: SELECT * FROM `p_orderlog` WHERE `logid` = 1  [ RunTime:0.0002s ]
NOTIC: [8] Undefined offset: 0 D:\WWW\dev\register\Application\Admin\Controller\MenberController.class.php 第 18 行.
SQL: SELECT * FROM `p_match` WHERE `uid` = 5 AND `state` = 2  [ RunTime:0.0002s ]
SQL: SELECT * FROM `p_orderlog` WHERE `userid` = 5 AND `type` = 2  [ RunTime:0.0002s ]
SQL: SELECT * FROM `p_orderlog` WHERE `logid` = 0  [ RunTime:0.0002s ]
NOTIC: [8] Undefined offset: 0 D:\WWW\dev\register\Application\Admin\Controller\MenberController.class.php 第 18 行.
SQL: SELECT * FROM `p_match` WHERE `uid` = 6 AND `state` = 2  [ RunTime:0.0002s ]
SQL: SELECT * FROM `p_orderlog` WHERE `userid` = 6 AND `type` = 2  [ RunTime:0.0002s ]
SQL: SELECT * FROM `p_orderlog` WHERE `logid` = 113  [ RunTime:0.0002s ]
SQL: SELECT * FROM `p_match` WHERE `uid` = 7 AND `state` = 2  [ RunTime:0.0002s ]
SQL: SELECT * FROM `p_orderlog` WHERE `userid` = 7 AND `type` = 2  [ RunTime:0.0002s ]
SQL: SELECT * FROM `p_orderlog` WHERE `logid` = 0  [ RunTime:0.0002s ]
NOTIC: [8] Undefined offset: 0 D:\WWW\dev\register\Application\Admin\Controller\MenberController.class.php 第 18 行.
SQL: SELECT * FROM `p_match` WHERE `uid` = 8 AND `state` = 2  [ RunTime:0.0002s ]
SQL: SELECT * FROM `p_orderlog` WHERE `userid` = 8 AND `type` = 2  [ RunTime:0.0002s ]
SQL: SELECT * FROM `p_orderlog` WHERE `logid` = 118  [ RunTime:0.0002s ]
SQL: SELECT * FROM `p_match` WHERE `uid` = 9 AND `state` = 2  [ RunTime:0.0002s ]
SQL: SELECT * FROM `p_orderlog` WHERE `userid` = 9 AND `type` = 2  [ RunTime:0.0002s ]

[ 2017-07-26T21:39:07+08:00 ] ::1 /index.php/Admin/Menber/select
INFO: [ app_init ] --START--
INFO: Run Behavior\BuildLiteBehavior [ RunTime:0.000013s ]
INFO: [ app_init ] --END-- [ RunTime:0.000425s ]
INFO: [ app_begin ] --START--
INFO: Run Behavior\ReadHtmlCacheBehavior [ RunTime:0.000513s ]
INFO: [ app_begin ] --END-- [ RunTime:0.000565s ]
SQL: SHOW COLUMNS FROM `p_user` [ RunTime:0.0028s ]
SQL: SELECT * FROM `p_user` WHERE `name` = 'admin'  [ RunTime:0.0004s ]
SQL: SHOW COLUMNS FROM `p_menber` [ RunTime:0.0027s ]
SQL: SHOW COLUMNS FROM `p_orderlog` [ RunTime:0.0025s ]
SQL: SHOW COLUMNS FROM `p_match` [ RunTime:0.0027s ]
NOTIC: [8] Undefined index: name D:\WWW\dev\register\Application\Admin\Controller\MenberController.class.php 第 9 行.
SQL: SELECT * FROM `p_menber`  [ RunTime:0.0004s ]
SQL: SELECT * FROM `p_orderlog` WHERE `logid` = 107  [ RunTime:0.0003s ]
SQL: SELECT * FROM `p_match` WHERE `uid` = 1 AND `state` = 2  [ RunTime:0.0003s ]
SQL: SELECT * FROM `p_orderlog` WHERE `userid` = 1 AND `type` = 2  [ RunTime:0.0002s ]
SQL: SELECT * FROM `p_orderlog` WHERE `logid` = 0  [ RunTime:0.0002s ]
NOTIC: [8] Undefined offset: 0 D:\WWW\dev\register\Application\Admin\Controller\MenberController.class.php 第 18 行.
SQL: SELECT * FROM `p_match` WHERE `uid` = 2 AND `state` = 2  [ RunTime:0.0003s ]
SQL: SELECT * FROM `p_orderlog` WHERE `userid` = 2 AND `type` = 2  [ RunTime:0.0003s ]
SQL: SELECT * FROM `p_orderlog` WHERE `logid` = 0  [ RunTime:0.0003s ]
NOTIC: [8] Undefined offset: 0 D:\WWW\dev\register\Application\Admin\Controller\MenberController.class.php 第 18 行.
SQL: SELECT * FROM `p_match` WHERE `uid` = 3 AND `state` = 2  [ RunTime:0.0004s ]
SQL: SELECT * FROM `p_orderlog` WHERE `userid` = 3 AND `type` = 2  [ RunTime:0.0003s ]
SQL: SELECT * FROM `p_orderlog` WHERE `logid` = 1  [ RunTime:0.0002s ]
NOTIC: [8] Undefined offset: 0 D:\WWW\dev\register\Application\Admin\Controller\MenberController.class.php 第 18 行.
SQL: SELECT * FROM `p_match` WHERE `uid` = 4 AND `state` = 2  [ RunTime:0.0003s ]
SQL: SELECT * FROM `p_orderlog` WHERE `userid` = 4 AND `type` = 2  [ RunTime:0.0003s ]
SQL: SELECT * FROM `p_orderlog` WHERE `logid` = 1  [ RunTime:0.0002s ]
NOTIC: [8] Undefined offset: 0 D:\WWW\dev\register\Application\Admin\Controller\MenberController.class.php 第 18 行.
SQL: SELECT * FROM `p_match` WHERE `uid` = 5 AND `state` = 2  [ RunTime:0.0002s ]
SQL: SELECT * FROM `p_orderlog` WHERE `userid` = 5 AND `type` = 2  [ RunTime:0.0002s ]
SQL: SELECT * FROM `p_orderlog` WHERE `logid` = 0  [ RunTime:0.0002s ]
NOTIC: [8] Undefined offset: 0 D:\WWW\dev\register\Application\Admin\Controller\MenberController.class.php 第 18 行.
SQL: SELECT * FROM `p_match` WHERE `uid` = 6 AND `state` = 2  [ RunTime:0.0002s ]
SQL: SELECT * FROM `p_orderlog` WHERE `userid` = 6 AND `type` = 2  [ RunTime:0.0002s ]
SQL: SELECT * FROM `p_orderlog` WHERE `logid` = 113  [ RunTime:0.0002s ]
SQL: SELECT * FROM `p_match` WHERE `uid` = 7 AND `state` = 2  [ RunTime:0.0002s ]
SQL: SELECT * FROM `p_orderlog` WHERE `userid` = 7 AND `type` = 2  [ RunTime:0.0002s ]
SQL: SELECT * FROM `p_orderlog` WHERE `logid` = 0  [ RunTime:0.0002s ]
NOTIC: [8] Undefined offset: 0 D:\WWW\dev\register\Application\Admin\Controller\MenberController.class.php 第 18 行.
SQL: SELECT * FROM `p_match` WHERE `uid` = 8 AND `state` = 2  [ RunTime:0.0002s ]
SQL: SELECT * FROM `p_orderlog` WHERE `userid` = 8 AND `type` = 2  [ RunTime:0.0002s ]
SQL: SELECT * FROM `p_orderlog` WHERE `logid` = 118  [ RunTime:0.0002s ]
SQL: SELECT * FROM `p_match` WHERE `uid` = 9 AND `state` = 2  [ RunTime:0.0002s ]
SQL: SELECT * FROM `p_orderlog` WHERE `userid` = 9 AND `type` = 2  [ RunTime:0.0002s ]
INFO: [ view_parse ] --START--
INFO: [ template_filter ] --START--
INFO: Run Behavior\ContentReplaceBehavior [ RunTime:0.000147s ]
INFO: [ template_filter ] --END-- [ RunTime:0.000204s ]
INFO: Run Behavior\ParseTemplateBehavior [ RunTime:0.023579s ]
INFO: [ view_parse ] --END-- [ RunTime:0.023645s ]
INFO: [ view_filter ] --START--
INFO: Run Behavior\WriteHtmlCacheBehavior [ RunTime:0.000316s ]
INFO: [ view_filter ] --END-- [ RunTime:0.000358s ]
INFO: [ app_end ] --START--
INFO: Run Behavior\ShowPageTraceBehavior [ RunTime:0.000873s ]
INFO: [ app_end ] --END-- [ RunTime:0.000946s ]

[ 2017-07-26T21:39:28+08:00 ] ::1 /index.php/Admin/Menber/editUser/uid/1
INFO: [ app_init ] --START--
INFO: Run Behavior\BuildLiteBehavior [ RunTime:0.000022s ]
INFO: [ app_init ] --END-- [ RunTime:0.000474s ]
INFO: [ app_begin ] --START--
INFO: Run Behavior\ReadHtmlCacheBehavior [ RunTime:0.000548s ]
INFO: [ app_begin ] --END-- [ RunTime:0.000631s ]
SQL: SHOW COLUMNS FROM `p_user` [ RunTime:0.0030s ]
SQL: SELECT * FROM `p_user` WHERE `name` = 'admin'  [ RunTime:0.0003s ]
SQL: SHOW COLUMNS FROM `p_menber` [ RunTime:0.0035s ]
NOTIC: [8] Undefined index: name D:\WWW\dev\register\Application\Admin\Controller\MenberController.class.php 第 203 行.
SQL: SELECT * FROM `p_menber` WHERE `uid` = 1  [ RunTime:0.0006s ]
INFO: [ view_parse ] --START--
INFO: [ template_filter ] --START--
INFO: Run Behavior\ContentReplaceBehavior [ RunTime:0.000100s ]
INFO: [ template_filter ] --END-- [ RunTime:0.000152s ]
INFO: Run Behavior\ParseTemplateBehavior [ RunTime:0.008986s ]
INFO: [ view_parse ] --END-- [ RunTime:0.009047s ]
INFO: [ view_filter ] --START--
INFO: Run Behavior\WriteHtmlCacheBehavior [ RunTime:0.000213s ]
INFO: [ view_filter ] --END-- [ RunTime:0.000252s ]
INFO: [ app_end ] --START--
INFO: Run Behavior\ShowPageTraceBehavior [ RunTime:0.000466s ]
INFO: [ app_end ] --END-- [ RunTime:0.000518s ]

[ 2017-07-26T21:40:24+08:00 ] ::1 /index.php/Admin/Menber/editUser/uid/1
INFO: [ app_init ] --START--
INFO: Run Behavior\BuildLiteBehavior [ RunTime:0.000013s ]
INFO: [ app_init ] --END-- [ RunTime:0.000366s ]
INFO: [ app_begin ] --START--
INFO: Run Behavior\ReadHtmlCacheBehavior [ RunTime:0.000451s ]
INFO: [ app_begin ] --END-- [ RunTime:0.000502s ]
SQL: SHOW COLUMNS FROM `p_user` [ RunTime:0.0027s ]
SQL: SELECT * FROM `p_user` WHERE `name` = 'admin'  [ RunTime:0.0003s ]
SQL: SHOW COLUMNS FROM `p_menber` [ RunTime:0.0028s ]
NOTIC: [8] Undefined index: name D:\WWW\dev\register\Application\Admin\Controller\MenberController.class.php 第 203 行.
SQL: SELECT * FROM `p_menber` WHERE `uid` = 1  [ RunTime:0.0004s ]
INFO: [ view_parse ] --START--
INFO: [ template_filter ] --START--
INFO: Run Behavior\ContentReplaceBehavior [ RunTime:0.000134s ]
INFO: [ template_filter ] --END-- [ RunTime:0.000194s ]
INFO: Run Behavior\ParseTemplateBehavior [ RunTime:0.009652s ]
INFO: [ view_parse ] --END-- [ RunTime:0.009710s ]
INFO: [ view_filter ] --START--
INFO: Run Behavior\WriteHtmlCacheBehavior [ RunTime:0.000209s ]
INFO: [ view_filter ] --END-- [ RunTime:0.000246s ]
INFO: [ app_end ] --START--
INFO: Run Behavior\ShowPageTraceBehavior [ RunTime:0.000538s ]
INFO: [ app_end ] --END-- [ RunTime:0.000590s ]

[ 2017-07-26T21:42:37+08:00 ] ::1 /index.php/Admin/Menber/editUser/uid/1
INFO: [ app_init ] --START--
INFO: Run Behavior\BuildLiteBehavior [ RunTime:0.000014s ]
INFO: [ app_init ] --END-- [ RunTime:0.000488s ]
INFO: [ app_begin ] --START--
INFO: Run Behavior\ReadHtmlCacheBehavior [ RunTime:0.000548s ]
INFO: [ app_begin ] --END-- [ RunTime:0.000599s ]
SQL: SHOW COLUMNS FROM `p_user` [ RunTime:0.0029s ]
SQL: SELECT * FROM `p_user` WHERE `name` = 'admin'  [ RunTime:0.0005s ]
SQL: SHOW COLUMNS FROM `p_menber` [ RunTime:0.0031s ]
NOTIC: [8] Undefined index: name D:\WWW\dev\register\Application\Admin\Controller\MenberController.class.php 第 203 行.
SQL: SELECT * FROM `p_menber` WHERE `uid` = 1  [ RunTime:0.0004s ]
INFO: [ view_parse ] --START--
INFO: [ template_filter ] --START--
INFO: Run Behavior\ContentReplaceBehavior [ RunTime:0.000109s ]
INFO: [ template_filter ] --END-- [ RunTime:0.000162s ]
INFO: Run Behavior\ParseTemplateBehavior [ RunTime:0.010216s ]
INFO: [ view_parse ] --END-- [ RunTime:0.010300s ]
INFO: [ view_filter ] --START--
INFO: Run Behavior\WriteHtmlCacheBehavior [ RunTime:0.000332s ]
INFO: [ view_filter ] --END-- [ RunTime:0.000372s ]
INFO: [ app_end ] --START--
INFO: Run Behavior\ShowPageTraceBehavior [ RunTime:0.001171s ]
INFO: [ app_end ] --END-- [ RunTime:0.001249s ]

[ 2017-07-26T21:44:16+08:00 ] ::1 /index.php/Admin/Menber/editUser/uid/1
INFO: [ app_init ] --START--
INFO: Run Behavior\BuildLiteBehavior [ RunTime:0.000014s ]
INFO: [ app_init ] --END-- [ RunTime:0.000438s ]
INFO: [ app_begin ] --START--
INFO: Run Behavior\ReadHtmlCacheBehavior [ RunTime:0.000515s ]
INFO: [ app_begin ] --END-- [ RunTime:0.000570s ]
SQL: SHOW COLUMNS FROM `p_user` [ RunTime:0.0027s ]
SQL: SELECT * FROM `p_user` WHERE `name` = 'admin'  [ RunTime:0.0003s ]
SQL: SHOW COLUMNS FROM `p_menber` [ RunTime:0.0027s ]
NOTIC: [8] Undefined index: name D:\WWW\dev\register\Application\Admin\Controller\MenberController.class.php 第 203 行.
SQL: SELECT * FROM `p_menber` WHERE `uid` = 1  [ RunTime:0.0003s ]
INFO: [ view_parse ] --START--
INFO: [ template_filter ] --START--
INFO: Run Behavior\ContentReplaceBehavior [ RunTime:0.000126s ]
INFO: [ template_filter ] --END-- [ RunTime:0.000181s ]
INFO: Run Behavior\ParseTemplateBehavior [ RunTime:0.020896s ]
INFO: [ view_parse ] --END-- [ RunTime:0.020954s ]
INFO: [ view_filter ] --START--
INFO: Run Behavior\WriteHtmlCacheBehavior [ RunTime:0.000366s ]
INFO: [ view_filter ] --END-- [ RunTime:0.000410s ]
INFO: [ app_end ] --START--
INFO: Run Behavior\ShowPageTraceBehavior [ RunTime:0.001132s ]
INFO: [ app_end ] --END-- [ RunTime:0.001324s ]

[ 2017-07-26T21:44:20+08:00 ] ::1 /index.php/Admin/Menber/editUser/uid/1
INFO: [ app_init ] --START--
INFO: Run Behavior\BuildLiteBehavior [ RunTime:0.000022s ]
INFO: [ app_init ] --END-- [ RunTime:0.000536s ]
INFO: [ app_begin ] --START--
INFO: Run Behavior\ReadHtmlCacheBehavior [ RunTime:0.000484s ]
INFO: [ app_begin ] --END-- [ RunTime:0.000542s ]
SQL: SHOW COLUMNS FROM `p_user` [ RunTime:0.0032s ]
SQL: SELECT * FROM `p_user` WHERE `name` = 'admin'  [ RunTime:0.0004s ]
SQL: SHOW COLUMNS FROM `p_menber` [ RunTime:0.0029s ]
SQL: UPDATE `p_menber` SET `incomebag`='123',`zhifubao`='123',`name`='李海龙1',`weixin`='123' WHERE `uid` = 1 [ RunTime:0.0006s ]
SQL: SELECT * FROM `p_menber` WHERE `uid` = 1  [ RunTime:0.0003s ]
INFO: [ view_parse ] --START--
INFO: [ template_filter ] --START--
INFO: Run Behavior\ContentReplaceBehavior [ RunTime:0.000122s ]
INFO: [ template_filter ] --END-- [ RunTime:0.000174s ]
INFO: Run Behavior\ParseTemplateBehavior [ RunTime:0.008421s ]
INFO: [ view_parse ] --END-- [ RunTime:0.008475s ]
INFO: [ view_filter ] --START--
INFO: Run Behavior\WriteHtmlCacheBehavior [ RunTime:0.000199s ]
INFO: [ view_filter ] --END-- [ RunTime:0.000239s ]
INFO: [ app_end ] --START--
INFO: Run Behavior\ShowPageTraceBehavior [ RunTime:0.000518s ]
INFO: [ app_end ] --END-- [ RunTime:0.000564s ]

[ 2017-07-26T21:44:25+08:00 ] ::1 /index.php/Admin/Menber/editUser/uid/1
INFO: [ app_init ] --START--
INFO: Run Behavior\BuildLiteBehavior [ RunTime:0.000013s ]
INFO: [ app_init ] --END-- [ RunTime:0.000349s ]
INFO: [ app_begin ] --START--
INFO: Run Behavior\ReadHtmlCacheBehavior [ RunTime:0.000410s ]
INFO: [ app_begin ] --END-- [ RunTime:0.000468s ]
SQL: SHOW COLUMNS FROM `p_user` [ RunTime:0.0029s ]
SQL: SELECT * FROM `p_user` WHERE `name` = 'admin'  [ RunTime:0.0004s ]
SQL: SHOW COLUMNS FROM `p_menber` [ RunTime:0.0031s ]
NOTIC: [8] Undefined index: name D:\WWW\dev\register\Application\Admin\Controller\MenberController.class.php 第 203 行.
SQL: SELECT * FROM `p_menber` WHERE `uid` = 1  [ RunTime:0.0004s ]
INFO: [ view_parse ] --START--
INFO: [ template_filter ] --START--
INFO: Run Behavior\ContentReplaceBehavior [ RunTime:0.000169s ]
INFO: [ template_filter ] --END-- [ RunTime:0.000244s ]
INFO: Run Behavior\ParseTemplateBehavior [ RunTime:0.009354s ]
INFO: [ view_parse ] --END-- [ RunTime:0.009422s ]
INFO: [ view_filter ] --START--
INFO: Run Behavior\WriteHtmlCacheBehavior [ RunTime:0.000276s ]
INFO: [ view_filter ] --END-- [ RunTime:0.000335s ]
INFO: [ app_end ] --START--
INFO: Run Behavior\ShowPageTraceBehavior [ RunTime:0.000569s ]
INFO: [ app_end ] --END-- [ RunTime:0.000638s ]

[ 2017-07-26T21:44:29+08:00 ] ::1 /index.php/Admin/Menber/select
INFO: [ app_init ] --START--
INFO: Run Behavior\BuildLiteBehavior [ RunTime:0.000014s ]
INFO: [ app_init ] --END-- [ RunTime:0.000357s ]
INFO: [ app_begin ] --START--
INFO: Run Behavior\ReadHtmlCacheBehavior [ RunTime:0.000409s ]
INFO: [ app_begin ] --END-- [ RunTime:0.000459s ]
SQL: SHOW COLUMNS FROM `p_user` [ RunTime:0.0031s ]
SQL: SELECT * FROM `p_user` WHERE `name` = 'admin'  [ RunTime:0.0003s ]
SQL: SHOW COLUMNS FROM `p_menber` [ RunTime:0.0034s ]
SQL: SHOW COLUMNS FROM `p_orderlog` [ RunTime:0.0026s ]
SQL: SHOW COLUMNS FROM `p_match` [ RunTime:0.0027s ]
NOTIC: [8] Undefined index: name D:\WWW\dev\register\Application\Admin\Controller\MenberController.class.php 第 9 行.
SQL: SELECT * FROM `p_menber`  [ RunTime:0.0004s ]
SQL: SELECT * FROM `p_orderlog` WHERE `logid` = 107  [ RunTime:0.0002s ]
SQL: SELECT * FROM `p_match` WHERE `uid` = 1 AND `state` = 2  [ RunTime:0.0003s ]
SQL: SELECT * FROM `p_orderlog` WHERE `userid` = 1 AND `type` = 2  [ RunTime:0.0003s ]
SQL: SELECT * FROM `p_orderlog` WHERE `logid` = 0  [ RunTime:0.0002s ]
NOTIC: [8] Undefined offset: 0 D:\WWW\dev\register\Application\Admin\Controller\MenberController.class.php 第 18 行.
SQL: SELECT * FROM `p_match` WHERE `uid` = 2 AND `state` = 2  [ RunTime:0.0005s ]
SQL: SELECT * FROM `p_orderlog` WHERE `userid` = 2 AND `type` = 2  [ RunTime:0.0003s ]
SQL: SELECT * FROM `p_orderlog` WHERE `logid` = 0  [ RunTime:0.0002s ]
NOTIC: [8] Undefined offset: 0 D:\WWW\dev\register\Application\Admin\Controller\MenberController.class.php 第 18 行.
SQL: SELECT * FROM `p_match` WHERE `uid` = 3 AND `state` = 2  [ RunTime:0.0003s ]
SQL: SELECT * FROM `p_orderlog` WHERE `userid` = 3 AND `type` = 2  [ RunTime:0.0003s ]
SQL: SELECT * FROM `p_orderlog` WHERE `logid` = 1  [ RunTime:0.0003s ]
NOTIC: [8] Undefined offset: 0 D:\WWW\dev\register\Application\Admin\Controller\MenberController.class.php 第 18 行.
SQL: SELECT * FROM `p_match` WHERE `uid` = 4 AND `state` = 2  [ RunTime:0.0003s ]
SQL: SELECT * FROM `p_orderlog` WHERE `userid` = 4 AND `type` = 2  [ RunTime:0.0003s ]
SQL: SELECT * FROM `p_orderlog` WHERE `logid` = 1  [ RunTime:0.0002s ]
NOTIC: [8] Undefined offset: 0 D:\WWW\dev\register\Application\Admin\Controller\MenberController.class.php 第 18 行.
SQL: SELECT * FROM `p_match` WHERE `uid` = 5 AND `state` = 2  [ RunTime:0.0002s ]
SQL: SELECT * FROM `p_orderlog` WHERE `userid` = 5 AND `type` = 2  [ RunTime:0.0003s ]
SQL: SELECT * FROM `p_orderlog` WHERE `logid` = 0  [ RunTime:0.0002s ]
NOTIC: [8] Undefined offset: 0 D:\WWW\dev\register\Application\Admin\Controller\MenberController.class.php 第 18 行.
SQL: SELECT * FROM `p_match` WHERE `uid` = 6 AND `state` = 2  [ RunTime:0.0003s ]
SQL: SELECT * FROM `p_orderlog` WHERE `userid` = 6 AND `type` = 2  [ RunTime:0.0004s ]
SQL: SELECT * FROM `p_orderlog` WHERE `logid` = 113  [ RunTime:0.0003s ]
SQL: SELECT * FROM `p_match` WHERE `uid` = 7 AND `state` = 2  [ RunTime:0.0003s ]
SQL: SELECT * FROM `p_orderlog` WHERE `userid` = 7 AND `type` = 2  [ RunTime:0.0002s ]
SQL: SELECT * FROM `p_orderlog` WHERE `logid` = 0  [ RunTime:0.0002s ]
NOTIC: [8] Undefined offset: 0 D:\WWW\dev\register\Application\Admin\Controller\MenberController.class.php 第 18 行.
SQL: SELECT * FROM `p_match` WHERE `uid` = 8 AND `state` = 2  [ RunTime:0.0002s ]
SQL: SELECT * FROM `p_orderlog` WHERE `userid` = 8 AND `type` = 2  [ RunTime:0.0002s ]
SQL: SELECT * FROM `p_orderlog` WHERE `logid` = 118  [ RunTime:0.0002s ]
SQL: SELECT * FROM `p_match` WHERE `uid` = 9 AND `state` = 2  [ RunTime:0.0002s ]
SQL: SELECT * FROM `p_orderlog` WHERE `userid` = 9 AND `type` = 2  [ RunTime:0.0002s ]
INFO: [ view_parse ] --START--
INFO: [ template_filter ] --START--
INFO: Run Behavior\ContentReplaceBehavior [ RunTime:0.000112s ]
INFO: [ template_filter ] --END-- [ RunTime:0.000172s ]
INFO: Run Behavior\ParseTemplateBehavior [ RunTime:0.010757s ]
INFO: [ view_parse ] --END-- [ RunTime:0.010815s ]
INFO: [ view_filter ] --START--
INFO: Run Behavior\WriteHtmlCacheBehavior [ RunTime:0.000199s ]
INFO: [ view_filter ] --END-- [ RunTime:0.000240s ]
INFO: [ app_end ] --START--
INFO: Run Behavior\ShowPageTraceBehavior [ RunTime:0.000523s ]
INFO: [ app_end ] --END-- [ RunTime:0.000570s ]

[ 2017-07-26T21:44:31+08:00 ] ::1 /index.php/Admin/Menber/editUser/uid/1
INFO: [ app_init ] --START--
INFO: Run Behavior\BuildLiteBehavior [ RunTime:0.000014s ]
INFO: [ app_init ] --END-- [ RunTime:0.000335s ]
INFO: [ app_begin ] --START--
INFO: Run Behavior\ReadHtmlCacheBehavior [ RunTime:0.000453s ]
INFO: [ app_begin ] --END-- [ RunTime:0.000525s ]
SQL: SHOW COLUMNS FROM `p_user` [ RunTime:0.0033s ]
SQL: SELECT * FROM `p_user` WHERE `name` = 'admin'  [ RunTime:0.0004s ]
SQL: SHOW COLUMNS FROM `p_menber` [ RunTime:0.0034s ]
NOTIC: [8] Undefined index: name D:\WWW\dev\register\Application\Admin\Controller\MenberController.class.php 第 203 行.
SQL: SELECT * FROM `p_menber` WHERE `uid` = 1  [ RunTime:0.0004s ]
INFO: [ view_parse ] --START--
INFO: [ template_filter ] --START--
INFO: Run Behavior\ContentReplaceBehavior [ RunTime:0.000107s ]
INFO: [ template_filter ] --END-- [ RunTime:0.000157s ]
INFO: Run Behavior\ParseTemplateBehavior [ RunTime:0.008626s ]
INFO: [ view_parse ] --END-- [ RunTime:0.008692s ]
INFO: [ view_filter ] --START--
INFO: Run Behavior\WriteHtmlCacheBehavior [ RunTime:0.000281s ]
INFO: [ view_filter ] --END-- [ RunTime:0.000341s ]
INFO: [ app_end ] --START--
INFO: Run Behavior\ShowPageTraceBehavior [ RunTime:0.001336s ]
INFO: [ app_end ] --END-- [ RunTime:0.001419s ]

[ 2017-07-26T21:44:38+08:00 ] ::1 /index.php/Admin/Menber/editUser/uid/1
INFO: [ app_init ] --START--
INFO: Run Behavior\BuildLiteBehavior [ RunTime:0.000012s ]
INFO: [ app_init ] --END-- [ RunTime:0.000329s ]
INFO: [ app_begin ] --START--
INFO: Run Behavior\ReadHtmlCacheBehavior [ RunTime:0.000469s ]
INFO: [ app_begin ] --END-- [ RunTime:0.000542s ]
SQL: SHOW COLUMNS FROM `p_user` [ RunTime:0.0030s ]
SQL: SELECT * FROM `p_user` WHERE `name` = 'admin'  [ RunTime:0.0003s ]
SQL: SHOW COLUMNS FROM `p_menber` [ RunTime:0.0027s ]
SQL: UPDATE `p_menber` SET `incomebag`='456',`zhifubao`='123',`name`='李海龙1',`weixin`='123' WHERE `uid` = 1 [ RunTime:0.0003s ]
SQL: SELECT * FROM `p_menber` WHERE `uid` = 1  [ RunTime:0.0003s ]
INFO: [ view_parse ] --START--
INFO: [ template_filter ] --START--
INFO: Run Behavior\ContentReplaceBehavior [ RunTime:0.000112s ]
INFO: [ template_filter ] --END-- [ RunTime:0.000164s ]
INFO: Run Behavior\ParseTemplateBehavior [ RunTime:0.008746s ]
INFO: [ view_parse ] --END-- [ RunTime:0.008799s ]
INFO: [ view_filter ] --START--
INFO: Run Behavior\WriteHtmlCacheBehavior [ RunTime:0.000197s ]
INFO: [ view_filter ] --END-- [ RunTime:0.000235s ]
INFO: [ app_end ] --START--
INFO: Run Behavior\ShowPageTraceBehavior [ RunTime:0.000483s ]
INFO: [ app_end ] --END-- [ RunTime:0.000531s ]

[ 2017-07-26T21:44:58+08:00 ] ::1 /index.php/Admin/Menber/editUser/uid/1
INFO: [ app_init ] --START--
INFO: Run Behavior\BuildLiteBehavior [ RunTime:0.000014s ]
INFO: [ app_init ] --END-- [ RunTime:0.000378s ]
INFO: [ app_begin ] --START--
INFO: Run Behavior\ReadHtmlCacheBehavior [ RunTime:0.000427s ]
INFO: [ app_begin ] --END-- [ RunTime:0.000480s ]
SQL: SHOW COLUMNS FROM `p_user` [ RunTime:0.0031s ]
SQL: SELECT * FROM `p_user` WHERE `name` = 'admin'  [ RunTime:0.0004s ]
SQL: SHOW COLUMNS FROM `p_menber` [ RunTime:0.0028s ]
NOTIC: [8] Undefined index: name D:\WWW\dev\register\Application\Admin\Controller\MenberController.class.php 第 203 行.
SQL: SELECT * FROM `p_menber` WHERE `uid` = 1  [ RunTime:0.0004s ]
INFO: [ view_parse ] --START--
INFO: [ template_filter ] --START--
INFO: Run Behavior\ContentReplaceBehavior [ RunTime:0.000107s ]
INFO: [ template_filter ] --END-- [ RunTime:0.000158s ]
INFO: Run Behavior\ParseTemplateBehavior [ RunTime:0.008591s ]
INFO: [ view_parse ] --END-- [ RunTime:0.008644s ]
INFO: [ view_filter ] --START--
INFO: Run Behavior\WriteHtmlCacheBehavior [ RunTime:0.000224s ]
INFO: [ view_filter ] --END-- [ RunTime:0.000264s ]
INFO: [ app_end ] --START--
INFO: Run Behavior\ShowPageTraceBehavior [ RunTime:0.000512s ]
INFO: [ app_end ] --END-- [ RunTime:0.000560s ]

[ 2017-07-26T21:45:05+08:00 ] ::1 /index.php/Admin/Menber/editUser/uid/1
INFO: [ app_init ] --START--
INFO: Run Behavior\BuildLiteBehavior [ RunTime:0.000020s ]
INFO: [ app_init ] --END-- [ RunTime:0.000466s ]
INFO: [ app_begin ] --START--
INFO: Run Behavior\ReadHtmlCacheBehavior [ RunTime:0.000615s ]
INFO: [ app_begin ] --END-- [ RunTime:0.000692s ]
SQL: SHOW COLUMNS FROM `p_user` [ RunTime:0.0026s ]
SQL: SELECT * FROM `p_user` WHERE `name` = 'admin'  [ RunTime:0.0003s ]
SQL: SHOW COLUMNS FROM `p_menber` [ RunTime:0.0036s ]
SQL: UPDATE `p_menber` SET `pwd`='123456',`zhifubao`='123',`name`='李海龙1',`weixin`='123' WHERE `uid` = 1 [ RunTime:0.0005s ]
SQL: SELECT * FROM `p_menber` WHERE `uid` = 1  [ RunTime:0.0003s ]
INFO: [ view_parse ] --START--
INFO: [ template_filter ] --START--
INFO: Run Behavior\ContentReplaceBehavior [ RunTime:0.000119s ]
INFO: [ template_filter ] --END-- [ RunTime:0.000171s ]
INFO: Run Behavior\ParseTemplateBehavior [ RunTime:0.008471s ]
INFO: [ view_parse ] --END-- [ RunTime:0.008526s ]
INFO: [ view_filter ] --START--
INFO: Run Behavior\WriteHtmlCacheBehavior [ RunTime:0.000200s ]
INFO: [ view_filter ] --END-- [ RunTime:0.000240s ]
INFO: [ app_end ] --START--
INFO: Run Behavior\ShowPageTraceBehavior [ RunTime:0.000503s ]
INFO: [ app_end ] --END-- [ RunTime:0.000553s ]

[ 2017-07-26T21:45:48+08:00 ] ::1 /index.php/Admin/Menber/editUser/uid/1
INFO: [ app_init ] --START--
INFO: Run Behavior\BuildLiteBehavior [ RunTime:0.000016s ]
INFO: [ app_init ] --END-- [ RunTime:0.000409s ]
INFO: [ app_begin ] --START--
INFO: Run Behavior\ReadHtmlCacheBehavior [ RunTime:0.000453s ]
INFO: [ app_begin ] --END-- [ RunTime:0.000510s ]
SQL: SHOW COLUMNS FROM `p_user` [ RunTime:0.0031s ]
SQL: SELECT * FROM `p_user` WHERE `name` = 'admin'  [ RunTime:0.0003s ]
SQL: SHOW COLUMNS FROM `p_menber` [ RunTime:0.0041s ]
NOTIC: [8] Undefined index: name D:\WWW\dev\register\Application\Admin\Controller\MenberController.class.php 第 203 行.
SQL: SELECT * FROM `p_menber` WHERE `uid` = 1  [ RunTime:0.0004s ]
INFO: [ view_parse ] --START--
INFO: [ template_filter ] --START--
INFO: Run Behavior\ContentReplaceBehavior [ RunTime:0.000108s ]
INFO: [ template_filter ] --END-- [ RunTime:0.000162s ]
INFO: Run Behavior\ParseTemplateBehavior [ RunTime:0.010049s ]
INFO: [ view_parse ] --END-- [ RunTime:0.010105s ]
INFO: [ view_filter ] --START--
INFO: Run Behavior\WriteHtmlCacheBehavior [ RunTime:0.000202s ]
INFO: [ view_filter ] --END-- [ RunTime:0.000240s ]
INFO: [ app_end ] --START--
INFO: Run Behavior\ShowPageTraceBehavior [ RunTime:0.000747s ]
INFO: [ app_end ] --END-- [ RunTime:0.000821s ]

[ 2017-07-26T21:45:57+08:00 ] ::1 /index.php/Admin/Menber/editUser/uid/1
INFO: [ app_init ] --START--
INFO: Run Behavior\BuildLiteBehavior [ RunTime:0.000015s ]
INFO: [ app_init ] --END-- [ RunTime:0.000345s ]
INFO: [ app_begin ] --START--
INFO: Run Behavior\ReadHtmlCacheBehavior [ RunTime:0.000418s ]
INFO: [ app_begin ] --END-- [ RunTime:0.000467s ]
SQL: SHOW COLUMNS FROM `p_user` [ RunTime:0.0035s ]
SQL: SELECT * FROM `p_user` WHERE `name` = 'admin'  [ RunTime:0.0003s ]
SQL: SHOW COLUMNS FROM `p_menber` [ RunTime:0.0029s ]
NOTIC: [8] Undefined index: name D:\WWW\dev\register\Application\Admin\Controller\MenberController.class.php 第 203 行.
SQL: SELECT * FROM `p_menber` WHERE `uid` = 1  [ RunTime:0.0004s ]
INFO: [ view_parse ] --START--
INFO: [ template_filter ] --START--
INFO: Run Behavior\ContentReplaceBehavior [ RunTime:0.000160s ]
INFO: [ template_filter ] --END-- [ RunTime:0.000240s ]
INFO: Run Behavior\ParseTemplateBehavior [ RunTime:0.011799s ]
INFO: [ view_parse ] --END-- [ RunTime:0.011863s ]
INFO: [ view_filter ] --START--
INFO: Run Behavior\WriteHtmlCacheBehavior [ RunTime:0.000220s ]
INFO: [ view_filter ] --END-- [ RunTime:0.000260s ]
INFO: [ app_end ] --START--
INFO: Run Behavior\ShowPageTraceBehavior [ RunTime:0.001123s ]
INFO: [ app_end ] --END-- [ RunTime:0.001207s ]

[ 2017-07-26T21:45:58+08:00 ] ::1 /index.php/Admin/Menber/editUser/uid/1
INFO: [ app_init ] --START--
INFO: Run Behavior\BuildLiteBehavior [ RunTime:0.000015s ]
INFO: [ app_init ] --END-- [ RunTime:0.000424s ]
INFO: [ app_begin ] --START--
INFO: Run Behavior\ReadHtmlCacheBehavior [ RunTime:0.000751s ]
INFO: [ app_begin ] --END-- [ RunTime:0.000874s ]
SQL: SHOW COLUMNS FROM `p_user` [ RunTime:0.0032s ]
SQL: SELECT * FROM `p_user` WHERE `name` = 'admin'  [ RunTime:0.0006s ]
SQL: SHOW COLUMNS FROM `p_menber` [ RunTime:0.0035s ]
SQL: UPDATE `p_menber` SET `pwd`='123456',`zhifubao`='123',`name`='李海龙1',`weixin`='123' WHERE `uid` = 1 [ RunTime:0.0003s ]

[ 2017-07-26T21:45:58+08:00 ] ::1 /index.php/Admin/Menber/select
INFO: [ app_init ] --START--
INFO: Run Behavior\BuildLiteBehavior [ RunTime:0.000016s ]
INFO: [ app_init ] --END-- [ RunTime:0.000402s ]
INFO: [ app_begin ] --START--
INFO: Run Behavior\ReadHtmlCacheBehavior [ RunTime:0.000825s ]
INFO: [ app_begin ] --END-- [ RunTime:0.000910s ]
SQL: SHOW COLUMNS FROM `p_user` [ RunTime:0.0028s ]
SQL: SELECT * FROM `p_user` WHERE `name` = 'admin'  [ RunTime:0.0004s ]
SQL: SHOW COLUMNS FROM `p_menber` [ RunTime:0.0037s ]
SQL: SHOW COLUMNS FROM `p_orderlog` [ RunTime:0.0031s ]
SQL: SHOW COLUMNS FROM `p_match` [ RunTime:0.0031s ]
NOTIC: [8] Undefined index: name D:\WWW\dev\register\Application\Admin\Controller\MenberController.class.php 第 9 行.
SQL: SELECT * FROM `p_menber`  [ RunTime:0.0004s ]
SQL: SELECT * FROM `p_orderlog` WHERE `logid` = 107  [ RunTime:0.0003s ]
SQL: SELECT * FROM `p_match` WHERE `uid` = 1 AND `state` = 2  [ RunTime:0.0003s ]
SQL: SELECT * FROM `p_orderlog` WHERE `userid` = 1 AND `type` = 2  [ RunTime:0.0002s ]
SQL: SELECT * FROM `p_orderlog` WHERE `logid` = 0  [ RunTime:0.0002s ]
NOTIC: [8] Undefined offset: 0 D:\WWW\dev\register\Application\Admin\Controller\MenberController.class.php 第 18 行.
SQL: SELECT * FROM `p_match` WHERE `uid` = 2 AND `state` = 2  [ RunTime:0.0002s ]
SQL: SELECT * FROM `p_orderlog` WHERE `userid` = 2 AND `type` = 2  [ RunTime:0.0002s ]
SQL: SELECT * FROM `p_orderlog` WHERE `logid` = 0  [ RunTime:0.0002s ]
NOTIC: [8] Undefined offset: 0 D:\WWW\dev\register\Application\Admin\Controller\MenberController.class.php 第 18 行.
SQL: SELECT * FROM `p_match` WHERE `uid` = 3 AND `state` = 2  [ RunTime:0.0002s ]
SQL: SELECT * FROM `p_orderlog` WHERE `userid` = 3 AND `type` = 2  [ RunTime:0.0003s ]
SQL: SELECT * FROM `p_orderlog` WHERE `logid` = 1  [ RunTime:0.0002s ]
NOTIC: [8] Undefined offset: 0 D:\WWW\dev\register\Application\Admin\Controller\MenberController.class.php 第 18 行.
SQL: SELECT * FROM `p_match` WHERE `uid` = 4 AND `state` = 2  [ RunTime:0.0002s ]
SQL: SELECT * FROM `p_orderlog` WHERE `userid` = 4 AND `type` = 2  [ RunTime:0.0002s ]
SQL: SELECT * FROM `p_orderlog` WHERE `logid` = 1  [ RunTime:0.0002s ]
NOTIC: [8] Undefined offset: 0 D:\WWW\dev\register\Application\Admin\Controller\MenberController.class.php 第 18 行.
SQL: SELECT * FROM `p_match` WHERE `uid` = 5 AND `state` = 2  [ RunTime:0.0002s ]
SQL: SELECT * FROM `p_orderlog` WHERE `userid` = 5 AND `type` = 2  [ RunTime:0.0003s ]
SQL: SELECT * FROM `p_orderlog` WHERE `logid` = 0  [ RunTime:0.0003s ]
NOTIC: [8] Undefined offset: 0 D:\WWW\dev\register\Application\Admin\Controller\MenberController.class.php 第 18 行.
SQL: SELECT * FROM `p_match` WHERE `uid` = 6 AND `state` = 2  [ RunTime:0.0004s ]
SQL: SELECT * FROM `p_orderlog` WHERE `userid` = 6 AND `type` = 2  [ RunTime:0.0003s ]
SQL: SELECT * FROM `p_orderlog` WHERE `logid` = 113  [ RunTime:0.0002s ]
SQL: SELECT * FROM `p_match` WHERE `uid` = 7 AND `state` = 2  [ RunTime:0.0003s ]
SQL: SELECT * FROM `p_orderlog` WHERE `userid` = 7 AND `type` = 2  [ RunTime:0.0003s ]
SQL: SELECT * FROM `p_orderlog` WHERE `logid` = 0  [ RunTime:0.0002s ]
NOTIC: [8] Undefined offset: 0 D:\WWW\dev\register\Application\Admin\Controller\MenberController.class.php 第 18 行.
SQL: SELECT * FROM `p_match` WHERE `uid` = 8 AND `state` = 2  [ RunTime:0.0003s ]
SQL: SELECT * FROM `p_orderlog` WHERE `userid` = 8 AND `type` = 2  [ RunTime:0.0002s ]
SQL: SELECT * FROM `p_orderlog` WHERE `logid` = 118  [ RunTime:0.0002s ]
SQL: SELECT * FROM `p_match` WHERE `uid` = 9 AND `state` = 2  [ RunTime:0.0003s ]
SQL: SELECT * FROM `p_orderlog` WHERE `userid` = 9 AND `type` = 2  [ RunTime:0.0004s ]
INFO: [ view_parse ] --START--
INFO: [ template_filter ] --START--
INFO: Run Behavior\ContentReplaceBehavior [ RunTime:0.000110s ]
INFO: [ template_filter ] --END-- [ RunTime:0.000167s ]
INFO: Run Behavior\ParseTemplateBehavior [ RunTime:0.010850s ]
INFO: [ view_parse ] --END-- [ RunTime:0.010933s ]
INFO: [ view_filter ] --START--
INFO: Run Behavior\WriteHtmlCacheBehavior [ RunTime:0.000333s ]
INFO: [ view_filter ] --END-- [ RunTime:0.000396s ]
INFO: [ app_end ] --START--
INFO: Run Behavior\ShowPageTraceBehavior [ RunTime:0.000634s ]
INFO: [ app_end ] --END-- [ RunTime:0.000706s ]

[ 2017-07-26T21:46:00+08:00 ] ::1 /index.php/Admin/Menber/editUser/uid/1
INFO: [ app_init ] --START--
INFO: Run Behavior\BuildLiteBehavior [ RunTime:0.000014s ]
INFO: [ app_init ] --END-- [ RunTime:0.000367s ]
INFO: [ app_begin ] --START--
INFO: Run Behavior\ReadHtmlCacheBehavior [ RunTime:0.000444s ]
INFO: [ app_begin ] --END-- [ RunTime:0.000526s ]
SQL: SHOW COLUMNS FROM `p_user` [ RunTime:0.0031s ]
SQL: SELECT * FROM `p_user` WHERE `name` = 'admin'  [ RunTime:0.0004s ]
SQL: SHOW COLUMNS FROM `p_menber` [ RunTime:0.0038s ]
NOTIC: [8] Undefined index: name D:\WWW\dev\register\Application\Admin\Controller\MenberController.class.php 第 203 行.
SQL: SELECT * FROM `p_menber` WHERE `uid` = 1  [ RunTime:0.0004s ]
INFO: [ view_parse ] --START--
INFO: [ template_filter ] --START--
INFO: Run Behavior\ContentReplaceBehavior [ RunTime:0.000202s ]
INFO: [ template_filter ] --END-- [ RunTime:0.000312s ]
INFO: Run Behavior\ParseTemplateBehavior [ RunTime:0.009400s ]
INFO: [ view_parse ] --END-- [ RunTime:0.009465s ]
INFO: [ view_filter ] --START--
INFO: Run Behavior\WriteHtmlCacheBehavior [ RunTime:0.000215s ]
INFO: [ view_filter ] --END-- [ RunTime:0.000261s ]
INFO: [ app_end ] --START--
INFO: Run Behavior\ShowPageTraceBehavior [ RunTime:0.000500s ]
INFO: [ app_end ] --END-- [ RunTime:0.000548s ]

[ 2017-07-26T21:46:05+08:00 ] ::1 /index.php/Admin/Menber/editUser/uid/1
INFO: [ app_init ] --START--
INFO: Run Behavior\BuildLiteBehavior [ RunTime:0.000016s ]
INFO: [ app_init ] --END-- [ RunTime:0.000358s ]
INFO: [ app_begin ] --START--
INFO: Run Behavior\ReadHtmlCacheBehavior [ RunTime:0.000605s ]
INFO: [ app_begin ] --END-- [ RunTime:0.000678s ]
SQL: SHOW COLUMNS FROM `p_user` [ RunTime:0.0028s ]
SQL: SELECT * FROM `p_user` WHERE `name` = 'admin'  [ RunTime:0.0004s ]
SQL: SHOW COLUMNS FROM `p_menber` [ RunTime:0.0034s ]
SQL: UPDATE `p_menber` SET `pwd`='123456',`zhifubao`='123',`name`='李海龙123456',`weixin`='123' WHERE `uid` = 1 [ RunTime:0.0004s ]

[ 2017-07-26T21:46:05+08:00 ] ::1 /index.php/Admin/Menber/select
INFO: [ app_init ] --START--
INFO: Run Behavior\BuildLiteBehavior [ RunTime:0.000015s ]
INFO: [ app_init ] --END-- [ RunTime:0.000405s ]
INFO: [ app_begin ] --START--
INFO: Run Behavior\ReadHtmlCacheBehavior [ RunTime:0.000555s ]
INFO: [ app_begin ] --END-- [ RunTime:0.000639s ]
SQL: SHOW COLUMNS FROM `p_user` [ RunTime:0.0031s ]
SQL: SELECT * FROM `p_user` WHERE `name` = 'admin'  [ RunTime:0.0003s ]
SQL: SHOW COLUMNS FROM `p_menber` [ RunTime:0.0026s ]
SQL: SHOW COLUMNS FROM `p_orderlog` [ RunTime:0.0025s ]
SQL: SHOW COLUMNS FROM `p_match` [ RunTime:0.0026s ]
NOTIC: [8] Undefined index: name D:\WWW\dev\register\Application\Admin\Controller\MenberController.class.php 第 9 行.
SQL: SELECT * FROM `p_menber`  [ RunTime:0.0003s ]
SQL: SELECT * FROM `p_orderlog` WHERE `logid` = 107  [ RunTime:0.0002s ]
SQL: SELECT * FROM `p_match` WHERE `uid` = 1 AND `state` = 2  [ RunTime:0.0002s ]
SQL: SELECT * FROM `p_orderlog` WHERE `userid` = 1 AND `type` = 2  [ RunTime:0.0002s ]
SQL: SELECT * FROM `p_orderlog` WHERE `logid` = 0  [ RunTime:0.0002s ]
NOTIC: [8] Undefined offset: 0 D:\WWW\dev\register\Application\Admin\Controller\MenberController.class.php 第 18 行.
SQL: SELECT * FROM `p_match` WHERE `uid` = 2 AND `state` = 2  [ RunTime:0.0002s ]
SQL: SELECT * FROM `p_orderlog` WHERE `userid` = 2 AND `type` = 2  [ RunTime:0.0002s ]
SQL: SELECT * FROM `p_orderlog` WHERE `logid` = 0  [ RunTime:0.0001s ]
NOTIC: [8] Undefined offset: 0 D:\WWW\dev\register\Application\Admin\Controller\MenberController.class.php 第 18 行.
SQL: SELECT * FROM `p_match` WHERE `uid` = 3 AND `state` = 2  [ RunTime:0.0002s ]
SQL: SELECT * FROM `p_orderlog` WHERE `userid` = 3 AND `type` = 2  [ RunTime:0.0002s ]
SQL: SELECT * FROM `p_orderlog` WHERE `logid` = 1  [ RunTime:0.0002s ]
NOTIC: [8] Undefined offset: 0 D:\WWW\dev\register\Application\Admin\Controller\MenberController.class.php 第 18 行.
SQL: SELECT * FROM `p_match` WHERE `uid` = 4 AND `state` = 2  [ RunTime:0.0004s ]
SQL: SELECT * FROM `p_orderlog` WHERE `userid` = 4 AND `type` = 2  [ RunTime:0.0002s ]
SQL: SELECT * FROM `p_orderlog` WHERE `logid` = 1  [ RunTime:0.0002s ]
NOTIC: [8] Undefined offset: 0 D:\WWW\dev\register\Application\Admin\Controller\MenberController.class.php 第 18 行.
SQL: SELECT * FROM `p_match` WHERE `uid` = 5 AND `state` = 2  [ RunTime:0.0003s ]
SQL: SELECT * FROM `p_orderlog` WHERE `userid` = 5 AND `type` = 2  [ RunTime:0.0003s ]
SQL: SELECT * FROM `p_orderlog` WHERE `logid` = 0  [ RunTime:0.0002s ]
NOTIC: [8] Undefined offset: 0 D:\WWW\dev\register\Application\Admin\Controller\MenberController.class.php 第 18 行.
SQL: SELECT * FROM `p_match` WHERE `uid` = 6 AND `state` = 2  [ RunTime:0.0003s ]
SQL: SELECT * FROM `p_orderlog` WHERE `userid` = 6 AND `type` = 2  [ RunTime:0.0003s ]
SQL: SELECT * FROM `p_orderlog` WHERE `logid` = 113  [ RunTime:0.0002s ]
SQL: SELECT * FROM `p_match` WHERE `uid` = 7 AND `state` = 2  [ RunTime:0.0003s ]
SQL: SELECT * FROM `p_orderlog` WHERE `userid` = 7 AND `type` = 2  [ RunTime:0.0002s ]
SQL: SELECT * FROM `p_orderlog` WHERE `logid` = 0  [ RunTime:0.0001s ]
NOTIC: [8] Undefined offset: 0 D:\WWW\dev\register\Application\Admin\Controller\MenberController.class.php 第 18 行.
SQL: SELECT * FROM `p_match` WHERE `uid` = 8 AND `state` = 2  [ RunTime:0.0002s ]
SQL: SELECT * FROM `p_orderlog` WHERE `userid` = 8 AND `type` = 2  [ RunTime:0.0002s ]
SQL: SELECT * FROM `p_orderlog` WHERE `logid` = 118  [ RunTime:0.0002s ]
SQL: SELECT * FROM `p_match` WHERE `uid` = 9 AND `state` = 2  [ RunTime:0.0002s ]
SQL: SELECT * FROM `p_orderlog` WHERE `userid` = 9 AND `type` = 2  [ RunTime:0.0002s ]
INFO: [ view_parse ] --START--
INFO: [ template_filter ] --START--
INFO: Run Behavior\ContentReplaceBehavior [ RunTime:0.000153s ]
INFO: [ template_filter ] --END-- [ RunTime:0.000229s ]
INFO: Run Behavior\ParseTemplateBehavior [ RunTime:0.010754s ]
INFO: [ view_parse ] --END-- [ RunTime:0.010825s ]
INFO: [ view_filter ] --START--
INFO: Run Behavior\WriteHtmlCacheBehavior [ RunTime:0.000207s ]
INFO: [ view_filter ] --END-- [ RunTime:0.000246s ]
INFO: [ app_end ] --START--
INFO: Run Behavior\ShowPageTraceBehavior [ RunTime:0.000545s ]
INFO: [ app_end ] --END-- [ RunTime:0.000592s ]

[ 2017-07-26T21:46:08+08:00 ] ::1 /index.php/Admin/Menber/editUser/uid/1
INFO: [ app_init ] --START--
INFO: Run Behavior\BuildLiteBehavior [ RunTime:0.000016s ]
INFO: [ app_init ] --END-- [ RunTime:0.000405s ]
INFO: [ app_begin ] --START--
INFO: Run Behavior\ReadHtmlCacheBehavior [ RunTime:0.000474s ]
INFO: [ app_begin ] --END-- [ RunTime:0.000524s ]
SQL: SHOW COLUMNS FROM `p_user` [ RunTime:0.0029s ]
SQL: SELECT * FROM `p_user` WHERE `name` = 'admin'  [ RunTime:0.0004s ]
SQL: SHOW COLUMNS FROM `p_menber` [ RunTime:0.0034s ]
NOTIC: [8] Undefined index: name D:\WWW\dev\register\Application\Admin\Controller\MenberController.class.php 第 203 行.
SQL: SELECT * FROM `p_menber` WHERE `uid` = 1  [ RunTime:0.0006s ]
INFO: [ view_parse ] --START--
INFO: [ template_filter ] --START--
INFO: Run Behavior\ContentReplaceBehavior [ RunTime:0.000108s ]
INFO: [ template_filter ] --END-- [ RunTime:0.000161s ]
INFO: Run Behavior\ParseTemplateBehavior [ RunTime:0.009903s ]
INFO: [ view_parse ] --END-- [ RunTime:0.009997s ]
INFO: [ view_filter ] --START--
INFO: Run Behavior\WriteHtmlCacheBehavior [ RunTime:0.000210s ]
INFO: [ view_filter ] --END-- [ RunTime:0.000256s ]
INFO: [ app_end ] --START--
INFO: Run Behavior\ShowPageTraceBehavior [ RunTime:0.000506s ]
INFO: [ app_end ] --END-- [ RunTime:0.000560s ]

[ 2017-07-26T21:46:11+08:00 ] ::1 /index.php/Admin/Menber/editUser/uid/1
INFO: [ app_init ] --START--
INFO: Run Behavior\BuildLiteBehavior [ RunTime:0.000013s ]
INFO: [ app_init ] --END-- [ RunTime:0.000383s ]
INFO: [ app_begin ] --START--
INFO: Run Behavior\ReadHtmlCacheBehavior [ RunTime:0.000412s ]
INFO: [ app_begin ] --END-- [ RunTime:0.000465s ]
SQL: SHOW COLUMNS FROM `p_user` [ RunTime:0.0032s ]
SQL: SELECT * FROM `p_user` WHERE `name` = 'admin'  [ RunTime:0.0005s ]
SQL: SHOW COLUMNS FROM `p_menber` [ RunTime:0.0032s ]
SQL: UPDATE `p_menber` SET `pwd`='123456',`zhifubao`='123',`name`='李海龙1',`weixin`='123' WHERE `uid` = 1 [ RunTime:0.0004s ]

[ 2017-07-26T21:46:11+08:00 ] ::1 /index.php/Admin/Menber/select
INFO: [ app_init ] --START--
INFO: Run Behavior\BuildLiteBehavior [ RunTime:0.000016s ]
INFO: [ app_init ] --END-- [ RunTime:0.000389s ]
INFO: [ app_begin ] --START--
INFO: Run Behavior\ReadHtmlCacheBehavior [ RunTime:0.000824s ]
INFO: [ app_begin ] --END-- [ RunTime:0.000938s ]
SQL: SHOW COLUMNS FROM `p_user` [ RunTime:0.0030s ]
SQL: SELECT * FROM `p_user` WHERE `name` = 'admin'  [ RunTime:0.0004s ]
SQL: SHOW COLUMNS FROM `p_menber` [ RunTime:0.0029s ]
SQL: SHOW COLUMNS FROM `p_orderlog` [ RunTime:0.0027s ]
SQL: SHOW COLUMNS FROM `p_match` [ RunTime:0.0029s ]
NOTIC: [8] Undefined index: name D:\WWW\dev\register\Application\Admin\Controller\MenberController.class.php 第 9 行.
SQL: SELECT * FROM `p_menber`  [ RunTime:0.0004s ]
SQL: SELECT * FROM `p_orderlog` WHERE `logid` = 107  [ RunTime:0.0002s ]
SQL: SELECT * FROM `p_match` WHERE `uid` = 1 AND `state` = 2  [ RunTime:0.0002s ]
SQL: SELECT * FROM `p_orderlog` WHERE `userid` = 1 AND `type` = 2  [ RunTime:0.0002s ]
SQL: SELECT * FROM `p_orderlog` WHERE `logid` = 0  [ RunTime:0.0001s ]
NOTIC: [8] Undefined offset: 0 D:\WWW\dev\register\Application\Admin\Controller\MenberController.class.php 第 18 行.
SQL: SELECT * FROM `p_match` WHERE `uid` = 2 AND `state` = 2  [ RunTime:0.0002s ]
SQL: SELECT * FROM `p_orderlog` WHERE `userid` = 2 AND `type` = 2  [ RunTime:0.0002s ]
SQL: SELECT * FROM `p_orderlog` WHERE `logid` = 0  [ RunTime:0.0001s ]
NOTIC: [8] Undefined offset: 0 D:\WWW\dev\register\Application\Admin\Controller\MenberController.class.php 第 18 行.
SQL: SELECT * FROM `p_match` WHERE `uid` = 3 AND `state` = 2  [ RunTime:0.0002s ]
SQL: SELECT * FROM `p_orderlog` WHERE `userid` = 3 AND `type` = 2  [ RunTime:0.0003s ]
SQL: SELECT * FROM `p_orderlog` WHERE `logid` = 1  [ RunTime:0.0002s ]
NOTIC: [8] Undefined offset: 0 D:\WWW\dev\register\Application\Admin\Controller\MenberController.class.php 第 18 行.
SQL: SELECT * FROM `p_match` WHERE `uid` = 4 AND `state` = 2  [ RunTime:0.0003s ]
SQL: SELECT * FROM `p_orderlog` WHERE `userid` = 4 AND `type` = 2  [ RunTime:0.0002s ]
SQL: SELECT * FROM `p_orderlog` WHERE `logid` = 1  [ RunTime:0.0002s ]
NOTIC: [8] Undefined offset: 0 D:\WWW\dev\register\Application\Admin\Controller\MenberController.class.php 第 18 行.
SQL: SELECT * FROM `p_match` WHERE `uid` = 5 AND `state` = 2  [ RunTime:0.0002s ]
SQL: SELECT * FROM `p_orderlog` WHERE `userid` = 5 AND `type` = 2  [ RunTime:0.0002s ]
SQL: SELECT * FROM `p_orderlog` WHERE `logid` = 0  [ RunTime:0.0001s ]
NOTIC: [8] Undefined offset: 0 D:\WWW\dev\register\Application\Admin\Controller\MenberController.class.php 第 18 行.
SQL: SELECT * FROM `p_match` WHERE `uid` = 6 AND `state` = 2  [ RunTime:0.0002s ]
SQL: SELECT * FROM `p_orderlog` WHERE `userid` = 6 AND `type` = 2  [ RunTime:0.0002s ]
SQL: SELECT * FROM `p_orderlog` WHERE `logid` = 113  [ RunTime:0.0002s ]
SQL: SELECT * FROM `p_match` WHERE `uid` = 7 AND `state` = 2  [ RunTime:0.0002s ]
SQL: SELECT * FROM `p_orderlog` WHERE `userid` = 7 AND `type` = 2  [ RunTime:0.0002s ]
SQL: SELECT * FROM `p_orderlog` WHERE `logid` = 0  [ RunTime:0.0001s ]
NOTIC: [8] Undefined offset: 0 D:\WWW\dev\register\Application\Admin\Controller\MenberController.class.php 第 18 行.
SQL: SELECT * FROM `p_match` WHERE `uid` = 8 AND `state` = 2  [ RunTime:0.0002s ]
SQL: SELECT * FROM `p_orderlog` WHERE `userid` = 8 AND `type` = 2  [ RunTime:0.0002s ]
SQL: SELECT * FROM `p_orderlog` WHERE `logid` = 118  [ RunTime:0.0002s ]
SQL: SELECT * FROM `p_match` WHERE `uid` = 9 AND `state` = 2  [ RunTime:0.0002s ]
SQL: SELECT * FROM `p_orderlog` WHERE `userid` = 9 AND `type` = 2  [ RunTime:0.0002s ]
INFO: [ view_parse ] --START--
INFO: [ template_filter ] --START--
INFO: Run Behavior\ContentReplaceBehavior [ RunTime:0.000118s ]
INFO: [ template_filter ] --END-- [ RunTime:0.000174s ]
INFO: Run Behavior\ParseTemplateBehavior [ RunTime:0.010133s ]
INFO: [ view_parse ] --END-- [ RunTime:0.010202s ]
INFO: [ view_filter ] --START--
INFO: Run Behavior\WriteHtmlCacheBehavior [ RunTime:0.000294s ]
INFO: [ view_filter ] --END-- [ RunTime:0.000338s ]
INFO: [ app_end ] --START--
INFO: Run Behavior\ShowPageTraceBehavior [ RunTime:0.000614s ]
INFO: [ app_end ] --END-- [ RunTime:0.000689s ]

